{"D:\\DOCUMENTOS\\CAMACHO\\10. Decimo Semestre\\Seminario de actulizacion\\COMO_LO_piden\\config\\config.js": {"path":"D:\\DOCUMENTOS\\CAMACHO\\10. Decimo Semestre\\Seminario de actulizacion\\COMO_LO_piden\\config\\config.js","statementMap":{"0":{"start":{"line":1,"column":0},"end":{"line":1,"column":27}},"1":{"start":{"line":4,"column":14},"end":{"line":12,"column":1}},"2":{"start":{"line":15,"column":0},"end":{"line":24,"column":1}},"3":{"start":{"line":16,"column":2},"end":{"line":16,"column":38}},"4":{"start":{"line":17,"column":2},"end":{"line":17,"column":42}},"5":{"start":{"line":18,"column":2},"end":{"line":18,"column":68}},"6":{"start":{"line":19,"column":2},"end":{"line":19,"column":84}},"7":{"start":{"line":20,"column":2},"end":{"line":20,"column":82}},"8":{"start":{"line":21,"column":2},"end":{"line":21,"column":62}},"9":{"start":{"line":22,"column":2},"end":{"line":22,"column":78}},"10":{"start":{"line":23,"column":2},"end":{"line":23,"column":43}},"11":{"start":{"line":27,"column":0},"end":{"line":32,"column":1}},"12":{"start":{"line":28,"column":2},"end":{"line":30,"column":3}},"13":{"start":{"line":29,"column":4},"end":{"line":29,"column":67}},"14":{"start":{"line":31,"column":2},"end":{"line":31,"column":38}},"15":{"start":{"line":34,"column":16},"end":{"line":74,"column":1}},"16":{"start":{"line":60,"column":22},"end":{"line":60,"column":55}},"17":{"start":{"line":77,"column":0},"end":{"line":105,"column":1}},"18":{"start":{"line":78,"column":2},"end":{"line":84,"column":3}},"19":{"start":{"line":79,"column":4},"end":{"line":79,"column":53}},"20":{"start":{"line":80,"column":4},"end":{"line":80,"column":52}},"21":{"start":{"line":81,"column":4},"end":{"line":81,"column":56}},"22":{"start":{"line":82,"column":4},"end":{"line":82,"column":60}},"23":{"start":{"line":83,"column":4},"end":{"line":83,"column":52}},"24":{"start":{"line":87,"column":23},"end":{"line":91,"column":3}},"25":{"start":{"line":93,"column":2},"end":{"line":96,"column":3}},"26":{"start":{"line":94,"column":4},"end":{"line":94,"column":67}},"27":{"start":{"line":95,"column":4},"end":{"line":95,"column":38}},"28":{"start":{"line":98,"column":2},"end":{"line":98,"column":32}},"29":{"start":{"line":100,"column":2},"end":{"line":103,"column":3}},"30":{"start":{"line":101,"column":4},"end":{"line":101,"column":62}},"31":{"start":{"line":102,"column":4},"end":{"line":102,"column":38}},"32":{"start":{"line":104,"column":2},"end":{"line":104,"column":27}}},"fnMap":{"0":{"name":"(anonymous_0)","decl":{"start":{"line":60,"column":13},"end":{"line":60,"column":14}},"loc":{"start":{"line":60,"column":22},"end":{"line":60,"column":55}},"line":60}},"branchMap":{"0":{"loc":{"start":{"line":5,"column":2},"end":{"line":11,"column":29}},"type":"binary-expr","locations":[{"start":{"line":5,"column":2},"end":{"line":5,"column":24}},{"start":{"line":6,"column":2},"end":{"line":6,"column":32}},{"start":{"line":7,"column":2},"end":{"line":7,"column":31}},{"start":{"line":8,"column":2},"end":{"line":8,"column":38}},{"start":{"line":9,"column":3},"end":{"line":9,"column":22}},{"start":{"line":9,"column":26},"end":{"line":9,"column":75}},{"start":{"line":10,"column":3},"end":{"line":10,"column":22}},{"start":{"line":10,"column":26},"end":{"line":10,"column":72}},{"start":{"line":11,"column":2},"end":{"line":11,"column":29}}],"line":5},"1":{"loc":{"start":{"line":15,"column":0},"end":{"line":24,"column":1}},"type":"if","locations":[{"start":{"line":15,"column":0},"end":{"line":24,"column":1}},{"start":{},"end":{}}],"line":15},"2":{"loc":{"start":{"line":18,"column":31},"end":{"line":18,"column":66}},"type":"binary-expr","locations":[{"start":{"line":18,"column":31},"end":{"line":18,"column":53}},{"start":{"line":18,"column":57},"end":{"line":18,"column":66}}],"line":18},"3":{"loc":{"start":{"line":19,"column":39},"end":{"line":19,"column":82}},"type":"binary-expr","locations":[{"start":{"line":19,"column":39},"end":{"line":19,"column":69}},{"start":{"line":19,"column":73},"end":{"line":19,"column":82}}],"line":19},"4":{"loc":{"start":{"line":20,"column":38},"end":{"line":20,"column":80}},"type":"binary-expr","locations":[{"start":{"line":20,"column":38},"end":{"line":20,"column":67}},{"start":{"line":20,"column":71},"end":{"line":20,"column":80}}],"line":20},"5":{"loc":{"start":{"line":21,"column":28},"end":{"line":21,"column":60}},"type":"binary-expr","locations":[{"start":{"line":21,"column":28},"end":{"line":21,"column":47}},{"start":{"line":21,"column":51},"end":{"line":21,"column":60}}],"line":21},"6":{"loc":{"start":{"line":22,"column":36},"end":{"line":22,"column":76}},"type":"binary-expr","locations":[{"start":{"line":22,"column":36},"end":{"line":22,"column":63}},{"start":{"line":22,"column":67},"end":{"line":22,"column":76}}],"line":22},"7":{"loc":{"start":{"line":27,"column":0},"end":{"line":32,"column":1}},"type":"if","locations":[{"start":{"line":27,"column":0},"end":{"line":32,"column":1}},{"start":{},"end":{}}],"line":27},"8":{"loc":{"start":{"line":28,"column":2},"end":{"line":30,"column":3}},"type":"if","locations":[{"start":{"line":28,"column":2},"end":{"line":30,"column":3}},{"start":{},"end":{}}],"line":28},"9":{"loc":{"start":{"line":36,"column":14},"end":{"line":36,"column":47}},"type":"binary-expr","locations":[{"start":{"line":36,"column":14},"end":{"line":36,"column":37}},{"start":{"line":36,"column":41},"end":{"line":36,"column":47}}],"line":36},"10":{"loc":{"start":{"line":37,"column":14},"end":{"line":37,"column":43}},"type":"binary-expr","locations":[{"start":{"line":37,"column":14},"end":{"line":37,"column":37}},{"start":{"line":37,"column":41},"end":{"line":37,"column":43}}],"line":37},"11":{"loc":{"start":{"line":38,"column":14},"end":{"line":38,"column":47}},"type":"binary-expr","locations":[{"start":{"line":38,"column":14},"end":{"line":38,"column":33}},{"start":{"line":38,"column":37},"end":{"line":38,"column":47}}],"line":38},"12":{"loc":{"start":{"line":39,"column":10},"end":{"line":39,"column":44}},"type":"binary-expr","locations":[{"start":{"line":39,"column":10},"end":{"line":39,"column":29}},{"start":{"line":39,"column":33},"end":{"line":39,"column":44}}],"line":39},"13":{"loc":{"start":{"line":40,"column":10},"end":{"line":40,"column":37}},"type":"binary-expr","locations":[{"start":{"line":40,"column":10},"end":{"line":40,"column":29}},{"start":{"line":40,"column":33},"end":{"line":40,"column":37}}],"line":40},"14":{"loc":{"start":{"line":45,"column":14},"end":{"line":45,"column":47}},"type":"binary-expr","locations":[{"start":{"line":45,"column":14},"end":{"line":45,"column":37}},{"start":{"line":45,"column":41},"end":{"line":45,"column":47}}],"line":45},"15":{"loc":{"start":{"line":46,"column":14},"end":{"line":46,"column":43}},"type":"binary-expr","locations":[{"start":{"line":46,"column":14},"end":{"line":46,"column":37}},{"start":{"line":46,"column":41},"end":{"line":46,"column":43}}],"line":46},"16":{"loc":{"start":{"line":48,"column":10},"end":{"line":48,"column":44}},"type":"binary-expr","locations":[{"start":{"line":48,"column":10},"end":{"line":48,"column":29}},{"start":{"line":48,"column":33},"end":{"line":48,"column":44}}],"line":48},"17":{"loc":{"start":{"line":49,"column":10},"end":{"line":49,"column":37}},"type":"binary-expr","locations":[{"start":{"line":49,"column":10},"end":{"line":49,"column":29}},{"start":{"line":49,"column":33},"end":{"line":49,"column":37}}],"line":49},"18":{"loc":{"start":{"line":54,"column":14},"end":{"line":54,"column":71}},"type":"binary-expr","locations":[{"start":{"line":54,"column":14},"end":{"line":54,"column":33}},{"start":{"line":54,"column":37},"end":{"line":54,"column":60}},{"start":{"line":54,"column":64},"end":{"line":54,"column":71}}],"line":54},"19":{"loc":{"start":{"line":55,"column":14},"end":{"line":55,"column":43}},"type":"binary-expr","locations":[{"start":{"line":55,"column":14},"end":{"line":55,"column":37}},{"start":{"line":55,"column":41},"end":{"line":55,"column":43}}],"line":55},"20":{"loc":{"start":{"line":56,"column":14},"end":{"line":56,"column":49}},"type":"binary-expr","locations":[{"start":{"line":56,"column":14},"end":{"line":56,"column":33}},{"start":{"line":56,"column":37},"end":{"line":56,"column":49}}],"line":56},"21":{"loc":{"start":{"line":57,"column":10},"end":{"line":57,"column":35}},"type":"binary-expr","locations":[{"start":{"line":57,"column":10},"end":{"line":57,"column":29}},{"start":{"line":57,"column":33},"end":{"line":57,"column":35}}],"line":57},"22":{"loc":{"start":{"line":58,"column":10},"end":{"line":58,"column":47}},"type":"binary-expr","locations":[{"start":{"line":58,"column":10},"end":{"line":58,"column":39}},{"start":{"line":58,"column":43},"end":{"line":58,"column":47}}],"line":58},"23":{"loc":{"start":{"line":59,"column":13},"end":{"line":59,"column":48}},"type":"binary-expr","locations":[{"start":{"line":59,"column":13},"end":{"line":59,"column":35}},{"start":{"line":59,"column":39},"end":{"line":59,"column":48}}],"line":59},"24":{"loc":{"start":{"line":77,"column":0},"end":{"line":105,"column":1}},"type":"if","locations":[{"start":{"line":77,"column":0},"end":{"line":105,"column":1}},{"start":{"line":99,"column":7},"end":{"line":105,"column":1}}],"line":77},"25":{"loc":{"start":{"line":78,"column":2},"end":{"line":84,"column":3}},"type":"if","locations":[{"start":{"line":78,"column":2},"end":{"line":84,"column":3}},{"start":{},"end":{}}],"line":78},"26":{"loc":{"start":{"line":93,"column":2},"end":{"line":96,"column":3}},"type":"if","locations":[{"start":{"line":93,"column":2},"end":{"line":96,"column":3}},{"start":{},"end":{}}],"line":93},"27":{"loc":{"start":{"line":100,"column":2},"end":{"line":103,"column":3}},"type":"if","locations":[{"start":{"line":100,"column":2},"end":{"line":103,"column":3}},{"start":{},"end":{}}],"line":100}},"s":{"0":5,"1":5,"2":5,"3":0,"4":0,"5":0,"6":0,"7":0,"8":0,"9":0,"10":0,"11":5,"12":0,"13":0,"14":0,"15":5,"16":0,"17":5,"18":0,"19":0,"20":0,"21":0,"22":0,"23":0,"24":0,"25":0,"26":0,"27":0,"28":0,"29":5,"30":0,"31":0,"32":5},"f":{"0":0},"b":{"0":[5,5,5,5,5,5,5,5,5],"1":[0,5],"2":[0,0],"3":[0,0],"4":[0,0],"5":[0,0],"6":[0,0],"7":[0,5],"8":[0,0],"9":[5,5],"10":[5,5],"11":[5,0],"12":[5,0],"13":[5,0],"14":[5,5],"15":[5,5],"16":[5,0],"17":[5,0],"18":[5,0,0],"19":[5,5],"20":[5,0],"21":[5,0],"22":[5,0],"23":[5,5],"24":[0,5],"25":[0,0],"26":[0,0],"27":[0,5]},"_coverageSchema":"1a1c01bbd47fc00a2c39e90264f33305004495a9","hash":"937c00250273263e22cbac1c62031eb9e1e693ff"}
,"D:\\DOCUMENTOS\\CAMACHO\\10. Decimo Semestre\\Seminario de actulizacion\\COMO_LO_piden\\models\\equipo.js": {"path":"D:\\DOCUMENTOS\\CAMACHO\\10. Decimo Semestre\\Seminario de actulizacion\\COMO_LO_piden\\models\\equipo.js","statementMap":{"0":{"start":{"line":4,"column":4},"end":{"line":4,"column":24}},"1":{"start":{"line":5,"column":0},"end":{"line":35,"column":2}},"2":{"start":{"line":14,"column":6},"end":{"line":14,"column":73}},"3":{"start":{"line":16,"column":6},"end":{"line":16,"column":66}},"4":{"start":{"line":18,"column":6},"end":{"line":18,"column":90}},"5":{"start":{"line":20,"column":6},"end":{"line":20,"column":98}},"6":{"start":{"line":22,"column":6},"end":{"line":22,"column":73}},"7":{"start":{"line":25,"column":2},"end":{"line":33,"column":5}},"8":{"start":{"line":34,"column":2},"end":{"line":34,"column":16}}},"fnMap":{"0":{"name":"(anonymous_0)","decl":{"start":{"line":5,"column":17},"end":{"line":5,"column":18}},"loc":{"start":{"line":5,"column":43},"end":{"line":35,"column":1}},"line":5},"1":{"name":"(anonymous_1)","decl":{"start":{"line":12,"column":4},"end":{"line":12,"column":5}},"loc":{"start":{"line":12,"column":29},"end":{"line":23,"column":5}},"line":12}},"branchMap":{},"s":{"0":5,"1":5,"2":5,"3":5,"4":5,"5":5,"6":5,"7":5,"8":5},"f":{"0":5,"1":5},"b":{},"_coverageSchema":"1a1c01bbd47fc00a2c39e90264f33305004495a9","hash":"31de12cc6c854ec8a1f385d054f068f31ca39a2b"}
,"D:\\DOCUMENTOS\\CAMACHO\\10. Decimo Semestre\\Seminario de actulizacion\\COMO_LO_piden\\models\\index.js": {"path":"D:\\DOCUMENTOS\\CAMACHO\\10. Decimo Semestre\\Seminario de actulizacion\\COMO_LO_piden\\models\\index.js","statementMap":{"0":{"start":{"line":3,"column":11},"end":{"line":3,"column":24}},"1":{"start":{"line":4,"column":13},"end":{"line":4,"column":28}},"2":{"start":{"line":5,"column":18},"end":{"line":5,"column":38}},"3":{"start":{"line":6,"column":16},"end":{"line":6,"column":34}},"4":{"start":{"line":7,"column":17},"end":{"line":7,"column":42}},"5":{"start":{"line":8,"column":12},"end":{"line":8,"column":49}},"6":{"start":{"line":9,"column":19},"end":{"line":9,"column":62}},"7":{"start":{"line":10,"column":15},"end":{"line":10,"column":30}},"8":{"start":{"line":11,"column":11},"end":{"line":11,"column":13}},"9":{"start":{"line":14,"column":0},"end":{"line":29,"column":1}},"10":{"start":{"line":15,"column":2},"end":{"line":15,"column":47}},"11":{"start":{"line":16,"column":2},"end":{"line":16,"column":32}},"12":{"start":{"line":17,"column":2},"end":{"line":17,"column":61}},"13":{"start":{"line":18,"column":2},"end":{"line":23,"column":5}},"14":{"start":{"line":24,"column":2},"end":{"line":24,"column":40}},"15":{"start":{"line":25,"column":2},"end":{"line":25,"column":47}},"16":{"start":{"line":26,"column":2},"end":{"line":26,"column":47}},"17":{"start":{"line":27,"column":2},"end":{"line":27,"column":47}},"18":{"start":{"line":28,"column":2},"end":{"line":28,"column":46}},"19":{"start":{"line":32,"column":0},"end":{"line":36,"column":1}},"20":{"start":{"line":33,"column":2},"end":{"line":33,"column":74}},"21":{"start":{"line":35,"column":2},"end":{"line":35,"column":87}},"22":{"start":{"line":38,"column":0},"end":{"line":51,"column":5}},"23":{"start":{"line":41,"column":4},"end":{"line":46,"column":6}},"24":{"start":{"line":49,"column":18},"end":{"line":49,"column":85}},"25":{"start":{"line":50,"column":4},"end":{"line":50,"column":27}},"26":{"start":{"line":53,"column":0},"end":{"line":57,"column":3}},"27":{"start":{"line":54,"column":2},"end":{"line":56,"column":3}},"28":{"start":{"line":55,"column":4},"end":{"line":55,"column":32}},"29":{"start":{"line":59,"column":0},"end":{"line":59,"column":25}},"30":{"start":{"line":60,"column":0},"end":{"line":60,"column":25}},"31":{"start":{"line":62,"column":0},"end":{"line":62,"column":20}}},"fnMap":{"0":{"name":"(anonymous_0)","decl":{"start":{"line":40,"column":10},"end":{"line":40,"column":11}},"loc":{"start":{"line":40,"column":18},"end":{"line":47,"column":3}},"line":40},"1":{"name":"(anonymous_1)","decl":{"start":{"line":48,"column":11},"end":{"line":48,"column":12}},"loc":{"start":{"line":48,"column":19},"end":{"line":51,"column":3}},"line":48},"2":{"name":"(anonymous_2)","decl":{"start":{"line":53,"column":24},"end":{"line":53,"column":25}},"loc":{"start":{"line":53,"column":37},"end":{"line":57,"column":1}},"line":53}},"branchMap":{"0":{"loc":{"start":{"line":8,"column":12},"end":{"line":8,"column":49}},"type":"binary-expr","locations":[{"start":{"line":8,"column":12},"end":{"line":8,"column":32}},{"start":{"line":8,"column":36},"end":{"line":8,"column":49}}],"line":8},"1":{"loc":{"start":{"line":14,"column":0},"end":{"line":29,"column":1}},"type":"if","locations":[{"start":{"line":14,"column":0},"end":{"line":29,"column":1}},{"start":{},"end":{}}],"line":14},"2":{"loc":{"start":{"line":32,"column":0},"end":{"line":36,"column":1}},"type":"if","locations":[{"start":{"line":32,"column":0},"end":{"line":36,"column":1}},{"start":{"line":34,"column":7},"end":{"line":36,"column":1}}],"line":32},"3":{"loc":{"start":{"line":42,"column":6},"end":{"line":45,"column":37}},"type":"binary-expr","locations":[{"start":{"line":42,"column":6},"end":{"line":42,"column":29}},{"start":{"line":43,"column":6},"end":{"line":43,"column":23}},{"start":{"line":44,"column":6},"end":{"line":44,"column":30}},{"start":{"line":45,"column":6},"end":{"line":45,"column":37}}],"line":42},"4":{"loc":{"start":{"line":54,"column":2},"end":{"line":56,"column":3}},"type":"if","locations":[{"start":{"line":54,"column":2},"end":{"line":56,"column":3}},{"start":{},"end":{}}],"line":54}},"s":{"0":5,"1":5,"2":5,"3":5,"4":5,"5":5,"6":5,"7":5,"8":5,"9":5,"10":0,"11":0,"12":0,"13":0,"14":0,"15":0,"16":0,"17":0,"18":0,"19":5,"20":0,"21":5,"22":5,"23":45,"24":40,"25":40,"26":5,"27":40,"28":40,"29":5,"30":5,"31":5},"f":{"0":45,"1":40,"2":40},"b":{"0":[5,0],"1":[0,5],"2":[0,5],"3":[45,45,40,40],"4":[40,0]},"_coverageSchema":"1a1c01bbd47fc00a2c39e90264f33305004495a9","hash":"9f103ffbc8347574c043cf52159574c35e4d3dd5"}
,"D:\\DOCUMENTOS\\CAMACHO\\10. Decimo Semestre\\Seminario de actulizacion\\COMO_LO_piden\\models\\jugador.js": {"path":"D:\\DOCUMENTOS\\CAMACHO\\10. Decimo Semestre\\Seminario de actulizacion\\COMO_LO_piden\\models\\jugador.js","statementMap":{"0":{"start":{"line":4,"column":4},"end":{"line":4,"column":24}},"1":{"start":{"line":5,"column":0},"end":{"line":29,"column":2}},"2":{"start":{"line":14,"column":6},"end":{"line":14,"column":68}},"3":{"start":{"line":17,"column":2},"end":{"line":27,"column":5}},"4":{"start":{"line":28,"column":2},"end":{"line":28,"column":17}}},"fnMap":{"0":{"name":"(anonymous_0)","decl":{"start":{"line":5,"column":17},"end":{"line":5,"column":18}},"loc":{"start":{"line":5,"column":43},"end":{"line":29,"column":1}},"line":5},"1":{"name":"(anonymous_1)","decl":{"start":{"line":12,"column":4},"end":{"line":12,"column":5}},"loc":{"start":{"line":12,"column":29},"end":{"line":15,"column":5}},"line":12}},"branchMap":{},"s":{"0":5,"1":5,"2":5,"3":5,"4":5},"f":{"0":5,"1":5},"b":{},"_coverageSchema":"1a1c01bbd47fc00a2c39e90264f33305004495a9","hash":"c3ea83221ddebeb2ab3f34d67906570be77e5079"}
,"D:\\DOCUMENTOS\\CAMACHO\\10. Decimo Semestre\\Seminario de actulizacion\\COMO_LO_piden\\models\\liga.js": {"path":"D:\\DOCUMENTOS\\CAMACHO\\10. Decimo Semestre\\Seminario de actulizacion\\COMO_LO_piden\\models\\liga.js","statementMap":{"0":{"start":{"line":4,"column":4},"end":{"line":4,"column":24}},"1":{"start":{"line":5,"column":0},"end":{"line":27,"column":2}},"2":{"start":{"line":14,"column":6},"end":{"line":14,"column":64}},"3":{"start":{"line":17,"column":2},"end":{"line":25,"column":5}},"4":{"start":{"line":26,"column":2},"end":{"line":26,"column":14}}},"fnMap":{"0":{"name":"(anonymous_0)","decl":{"start":{"line":5,"column":17},"end":{"line":5,"column":18}},"loc":{"start":{"line":5,"column":43},"end":{"line":27,"column":1}},"line":5},"1":{"name":"(anonymous_1)","decl":{"start":{"line":12,"column":4},"end":{"line":12,"column":5}},"loc":{"start":{"line":12,"column":29},"end":{"line":15,"column":5}},"line":12}},"branchMap":{},"s":{"0":5,"1":5,"2":5,"3":5,"4":5},"f":{"0":5,"1":5},"b":{},"_coverageSchema":"1a1c01bbd47fc00a2c39e90264f33305004495a9","hash":"6ddd20c50dc664ca9fb7572c8f034324366dd662"}
,"D:\\DOCUMENTOS\\CAMACHO\\10. Decimo Semestre\\Seminario de actulizacion\\COMO_LO_piden\\models\\partido.js": {"path":"D:\\DOCUMENTOS\\CAMACHO\\10. Decimo Semestre\\Seminario de actulizacion\\COMO_LO_piden\\models\\partido.js","statementMap":{"0":{"start":{"line":4,"column":4},"end":{"line":4,"column":24}},"1":{"start":{"line":5,"column":0},"end":{"line":34,"column":2}},"2":{"start":{"line":14,"column":6},"end":{"line":14,"column":74}},"3":{"start":{"line":16,"column":6},"end":{"line":16,"column":90}},"4":{"start":{"line":18,"column":6},"end":{"line":18,"column":98}},"5":{"start":{"line":20,"column":6},"end":{"line":20,"column":69}},"6":{"start":{"line":23,"column":2},"end":{"line":32,"column":5}},"7":{"start":{"line":33,"column":2},"end":{"line":33,"column":17}}},"fnMap":{"0":{"name":"(anonymous_0)","decl":{"start":{"line":5,"column":17},"end":{"line":5,"column":18}},"loc":{"start":{"line":5,"column":43},"end":{"line":34,"column":1}},"line":5},"1":{"name":"(anonymous_1)","decl":{"start":{"line":12,"column":4},"end":{"line":12,"column":5}},"loc":{"start":{"line":12,"column":29},"end":{"line":21,"column":5}},"line":12}},"branchMap":{},"s":{"0":5,"1":5,"2":5,"3":5,"4":5,"5":5,"6":5,"7":5},"f":{"0":5,"1":5},"b":{},"_coverageSchema":"1a1c01bbd47fc00a2c39e90264f33305004495a9","hash":"39b6f9c369489db3e0b5c6ed173fe800378eb5b6"}
,"D:\\DOCUMENTOS\\CAMACHO\\10. Decimo Semestre\\Seminario de actulizacion\\COMO_LO_piden\\models\\resultado.js": {"path":"D:\\DOCUMENTOS\\CAMACHO\\10. Decimo Semestre\\Seminario de actulizacion\\COMO_LO_piden\\models\\resultado.js","statementMap":{"0":{"start":{"line":4,"column":4},"end":{"line":4,"column":24}},"1":{"start":{"line":5,"column":0},"end":{"line":27,"column":2}},"2":{"start":{"line":14,"column":6},"end":{"line":14,"column":72}},"3":{"start":{"line":17,"column":2},"end":{"line":25,"column":5}},"4":{"start":{"line":26,"column":2},"end":{"line":26,"column":19}}},"fnMap":{"0":{"name":"(anonymous_0)","decl":{"start":{"line":5,"column":17},"end":{"line":5,"column":18}},"loc":{"start":{"line":5,"column":43},"end":{"line":27,"column":1}},"line":5},"1":{"name":"(anonymous_1)","decl":{"start":{"line":12,"column":4},"end":{"line":12,"column":5}},"loc":{"start":{"line":12,"column":29},"end":{"line":15,"column":5}},"line":12}},"branchMap":{},"s":{"0":5,"1":5,"2":5,"3":5,"4":5},"f":{"0":5,"1":5},"b":{},"_coverageSchema":"1a1c01bbd47fc00a2c39e90264f33305004495a9","hash":"3af8ceaf62b764f44674a286dc7a937a57ab3761"}
,"D:\\DOCUMENTOS\\CAMACHO\\10. Decimo Semestre\\Seminario de actulizacion\\COMO_LO_piden\\models\\tablaposicione.js": {"path":"D:\\DOCUMENTOS\\CAMACHO\\10. Decimo Semestre\\Seminario de actulizacion\\COMO_LO_piden\\models\\tablaposicione.js","statementMap":{"0":{"start":{"line":4,"column":4},"end":{"line":4,"column":24}},"1":{"start":{"line":5,"column":0},"end":{"line":31,"column":2}},"2":{"start":{"line":14,"column":6},"end":{"line":14,"column":81}},"3":{"start":{"line":16,"column":6},"end":{"line":16,"column":75}},"4":{"start":{"line":19,"column":2},"end":{"line":29,"column":5}},"5":{"start":{"line":30,"column":2},"end":{"line":30,"column":24}}},"fnMap":{"0":{"name":"(anonymous_0)","decl":{"start":{"line":5,"column":17},"end":{"line":5,"column":18}},"loc":{"start":{"line":5,"column":43},"end":{"line":31,"column":1}},"line":5},"1":{"name":"(anonymous_1)","decl":{"start":{"line":12,"column":4},"end":{"line":12,"column":5}},"loc":{"start":{"line":12,"column":29},"end":{"line":17,"column":5}},"line":12}},"branchMap":{},"s":{"0":5,"1":5,"2":5,"3":5,"4":5,"5":5},"f":{"0":5,"1":5},"b":{},"_coverageSchema":"1a1c01bbd47fc00a2c39e90264f33305004495a9","hash":"35c65b9fab2985fc7c6268a1d0b7a188a8825bfc"}
,"D:\\DOCUMENTOS\\CAMACHO\\10. Decimo Semestre\\Seminario de actulizacion\\COMO_LO_piden\\models\\temporada.js": {"path":"D:\\DOCUMENTOS\\CAMACHO\\10. Decimo Semestre\\Seminario de actulizacion\\COMO_LO_piden\\models\\temporada.js","statementMap":{"0":{"start":{"line":4,"column":4},"end":{"line":4,"column":24}},"1":{"start":{"line":5,"column":0},"end":{"line":32,"column":2}},"2":{"start":{"line":14,"column":6},"end":{"line":14,"column":66}},"3":{"start":{"line":16,"column":6},"end":{"line":16,"column":71}},"4":{"start":{"line":18,"column":6},"end":{"line":18,"column":72}},"5":{"start":{"line":20,"column":6},"end":{"line":20,"column":79}},"6":{"start":{"line":23,"column":2},"end":{"line":30,"column":5}},"7":{"start":{"line":31,"column":2},"end":{"line":31,"column":19}}},"fnMap":{"0":{"name":"(anonymous_0)","decl":{"start":{"line":5,"column":17},"end":{"line":5,"column":18}},"loc":{"start":{"line":5,"column":43},"end":{"line":32,"column":1}},"line":5},"1":{"name":"(anonymous_1)","decl":{"start":{"line":12,"column":4},"end":{"line":12,"column":5}},"loc":{"start":{"line":12,"column":29},"end":{"line":21,"column":5}},"line":12}},"branchMap":{},"s":{"0":5,"1":5,"2":5,"3":5,"4":5,"5":5,"6":5,"7":5},"f":{"0":5,"1":5},"b":{},"_coverageSchema":"1a1c01bbd47fc00a2c39e90264f33305004495a9","hash":"3cbf4a7ddb2c992360f600a7481c8e428740744a"}
,"D:\\DOCUMENTOS\\CAMACHO\\10. Decimo Semestre\\Seminario de actulizacion\\COMO_LO_piden\\models\\usuario.js": {"path":"D:\\DOCUMENTOS\\CAMACHO\\10. Decimo Semestre\\Seminario de actulizacion\\COMO_LO_piden\\models\\usuario.js","statementMap":{"0":{"start":{"line":4,"column":4},"end":{"line":4,"column":24}},"1":{"start":{"line":5,"column":0},"end":{"line":26,"column":2}},"2":{"start":{"line":16,"column":2},"end":{"line":24,"column":5}},"3":{"start":{"line":25,"column":2},"end":{"line":25,"column":17}}},"fnMap":{"0":{"name":"(anonymous_0)","decl":{"start":{"line":5,"column":17},"end":{"line":5,"column":18}},"loc":{"start":{"line":5,"column":43},"end":{"line":26,"column":1}},"line":5},"1":{"name":"(anonymous_1)","decl":{"start":{"line":12,"column":4},"end":{"line":12,"column":5}},"loc":{"start":{"line":12,"column":29},"end":{"line":14,"column":5}},"line":12}},"branchMap":{},"s":{"0":5,"1":5,"2":5,"3":5},"f":{"0":5,"1":5},"b":{},"_coverageSchema":"1a1c01bbd47fc00a2c39e90264f33305004495a9","hash":"5f5d51f3906fef306ee062da80b9ac50a6664bb2"}
,"D:\\DOCUMENTOS\\CAMACHO\\10. Decimo Semestre\\Seminario de actulizacion\\COMO_LO_piden\\src\\controllers\\equipo.controller.js": {"path":"D:\\DOCUMENTOS\\CAMACHO\\10. Decimo Semestre\\Seminario de actulizacion\\COMO_LO_piden\\src\\controllers\\equipo.controller.js","statementMap":{"0":{"start":{"line":3,"column":4},"end":{"line":3,"column":39}},"1":{"start":{"line":6,"column":11},"end":{"line":9,"column":3}},"2":{"start":{"line":7,"column":20},"end":{"line":7,"column":53}},"3":{"start":{"line":8,"column":4},"end":{"line":8,"column":22}},"4":{"start":{"line":11,"column":12},"end":{"line":15,"column":3}},"5":{"start":{"line":12,"column":19},"end":{"line":12,"column":66}},"6":{"start":{"line":13,"column":4},"end":{"line":13,"column":82}},"7":{"start":{"line":13,"column":17},"end":{"line":13,"column":82}},"8":{"start":{"line":14,"column":4},"end":{"line":14,"column":21}},"9":{"start":{"line":17,"column":11},"end":{"line":20,"column":3}},"10":{"start":{"line":18,"column":19},"end":{"line":18,"column":60}},"11":{"start":{"line":19,"column":4},"end":{"line":19,"column":33}},"12":{"start":{"line":22,"column":11},"end":{"line":26,"column":3}},"13":{"start":{"line":23,"column":19},"end":{"line":23,"column":75}},"14":{"start":{"line":24,"column":4},"end":{"line":24,"column":82}},"15":{"start":{"line":24,"column":17},"end":{"line":24,"column":82}},"16":{"start":{"line":25,"column":4},"end":{"line":25,"column":21}},"17":{"start":{"line":28,"column":11},"end":{"line":32,"column":3}},"18":{"start":{"line":29,"column":20},"end":{"line":29,"column":66}},"19":{"start":{"line":30,"column":4},"end":{"line":30,"column":83}},"20":{"start":{"line":30,"column":18},"end":{"line":30,"column":83}},"21":{"start":{"line":31,"column":4},"end":{"line":31,"column":46}},"22":{"start":{"line":35,"column":0},"end":{"line":35,"column":34}}},"fnMap":{"0":{"name":"(anonymous_0)","decl":{"start":{"line":2,"column":2},"end":{"line":2,"column":3}},"loc":{"start":{"line":2,"column":29},"end":{"line":4,"column":3}},"line":2},"1":{"name":"(anonymous_1)","decl":{"start":{"line":6,"column":11},"end":{"line":6,"column":12}},"loc":{"start":{"line":6,"column":31},"end":{"line":9,"column":3}},"line":6},"2":{"name":"(anonymous_2)","decl":{"start":{"line":11,"column":12},"end":{"line":11,"column":13}},"loc":{"start":{"line":11,"column":32},"end":{"line":15,"column":3}},"line":11},"3":{"name":"(anonymous_3)","decl":{"start":{"line":17,"column":11},"end":{"line":17,"column":12}},"loc":{"start":{"line":17,"column":31},"end":{"line":20,"column":3}},"line":17},"4":{"name":"(anonymous_4)","decl":{"start":{"line":22,"column":11},"end":{"line":22,"column":12}},"loc":{"start":{"line":22,"column":31},"end":{"line":26,"column":3}},"line":22},"5":{"name":"(anonymous_5)","decl":{"start":{"line":28,"column":11},"end":{"line":28,"column":12}},"loc":{"start":{"line":28,"column":31},"end":{"line":32,"column":3}},"line":28}},"branchMap":{"0":{"loc":{"start":{"line":13,"column":4},"end":{"line":13,"column":82}},"type":"if","locations":[{"start":{"line":13,"column":4},"end":{"line":13,"column":82}},{"start":{},"end":{}}],"line":13},"1":{"loc":{"start":{"line":24,"column":4},"end":{"line":24,"column":82}},"type":"if","locations":[{"start":{"line":24,"column":4},"end":{"line":24,"column":82}},{"start":{},"end":{}}],"line":24},"2":{"loc":{"start":{"line":30,"column":4},"end":{"line":30,"column":83}},"type":"if","locations":[{"start":{"line":30,"column":4},"end":{"line":30,"column":83}},{"start":{},"end":{}}],"line":30}},"s":{"0":1,"1":1,"2":1,"3":1,"4":1,"5":1,"6":1,"7":0,"8":1,"9":1,"10":1,"11":1,"12":1,"13":1,"14":1,"15":0,"16":1,"17":1,"18":1,"19":1,"20":0,"21":1,"22":1},"f":{"0":1,"1":1,"2":1,"3":1,"4":1,"5":1},"b":{"0":[0,1],"1":[0,1],"2":[0,1]},"_coverageSchema":"1a1c01bbd47fc00a2c39e90264f33305004495a9","hash":"9462c703a0dd8658f27cd4b7e6c42a94d56ac189"}
,"D:\\DOCUMENTOS\\CAMACHO\\10. Decimo Semestre\\Seminario de actulizacion\\COMO_LO_piden\\src\\controllers\\jugador.controller.js": {"path":"D:\\DOCUMENTOS\\CAMACHO\\10. Decimo Semestre\\Seminario de actulizacion\\COMO_LO_piden\\src\\controllers\\jugador.controller.js","statementMap":{"0":{"start":{"line":3,"column":4},"end":{"line":3,"column":41}},"1":{"start":{"line":6,"column":11},"end":{"line":9,"column":3}},"2":{"start":{"line":7,"column":22},"end":{"line":7,"column":56}},"3":{"start":{"line":8,"column":4},"end":{"line":8,"column":24}},"4":{"start":{"line":11,"column":12},"end":{"line":15,"column":3}},"5":{"start":{"line":12,"column":20},"end":{"line":12,"column":68}},"6":{"start":{"line":13,"column":4},"end":{"line":13,"column":84}},"7":{"start":{"line":13,"column":18},"end":{"line":13,"column":84}},"8":{"start":{"line":14,"column":4},"end":{"line":14,"column":22}},"9":{"start":{"line":17,"column":11},"end":{"line":20,"column":3}},"10":{"start":{"line":18,"column":20},"end":{"line":18,"column":62}},"11":{"start":{"line":19,"column":4},"end":{"line":19,"column":34}},"12":{"start":{"line":22,"column":11},"end":{"line":26,"column":3}},"13":{"start":{"line":23,"column":20},"end":{"line":23,"column":77}},"14":{"start":{"line":24,"column":4},"end":{"line":24,"column":84}},"15":{"start":{"line":24,"column":18},"end":{"line":24,"column":84}},"16":{"start":{"line":25,"column":4},"end":{"line":25,"column":22}},"17":{"start":{"line":28,"column":11},"end":{"line":32,"column":3}},"18":{"start":{"line":29,"column":20},"end":{"line":29,"column":67}},"19":{"start":{"line":30,"column":4},"end":{"line":30,"column":84}},"20":{"start":{"line":30,"column":18},"end":{"line":30,"column":84}},"21":{"start":{"line":31,"column":4},"end":{"line":31,"column":47}},"22":{"start":{"line":35,"column":0},"end":{"line":35,"column":35}}},"fnMap":{"0":{"name":"(anonymous_0)","decl":{"start":{"line":2,"column":2},"end":{"line":2,"column":3}},"loc":{"start":{"line":2,"column":30},"end":{"line":4,"column":3}},"line":2},"1":{"name":"(anonymous_1)","decl":{"start":{"line":6,"column":11},"end":{"line":6,"column":12}},"loc":{"start":{"line":6,"column":31},"end":{"line":9,"column":3}},"line":6},"2":{"name":"(anonymous_2)","decl":{"start":{"line":11,"column":12},"end":{"line":11,"column":13}},"loc":{"start":{"line":11,"column":32},"end":{"line":15,"column":3}},"line":11},"3":{"name":"(anonymous_3)","decl":{"start":{"line":17,"column":11},"end":{"line":17,"column":12}},"loc":{"start":{"line":17,"column":31},"end":{"line":20,"column":3}},"line":17},"4":{"name":"(anonymous_4)","decl":{"start":{"line":22,"column":11},"end":{"line":22,"column":12}},"loc":{"start":{"line":22,"column":31},"end":{"line":26,"column":3}},"line":22},"5":{"name":"(anonymous_5)","decl":{"start":{"line":28,"column":11},"end":{"line":28,"column":12}},"loc":{"start":{"line":28,"column":31},"end":{"line":32,"column":3}},"line":28}},"branchMap":{"0":{"loc":{"start":{"line":13,"column":4},"end":{"line":13,"column":84}},"type":"if","locations":[{"start":{"line":13,"column":4},"end":{"line":13,"column":84}},{"start":{},"end":{}}],"line":13},"1":{"loc":{"start":{"line":24,"column":4},"end":{"line":24,"column":84}},"type":"if","locations":[{"start":{"line":24,"column":4},"end":{"line":24,"column":84}},{"start":{},"end":{}}],"line":24},"2":{"loc":{"start":{"line":30,"column":4},"end":{"line":30,"column":84}},"type":"if","locations":[{"start":{"line":30,"column":4},"end":{"line":30,"column":84}},{"start":{},"end":{}}],"line":30}},"s":{"0":1,"1":1,"2":1,"3":1,"4":1,"5":1,"6":1,"7":0,"8":1,"9":1,"10":1,"11":1,"12":1,"13":1,"14":1,"15":0,"16":1,"17":1,"18":1,"19":1,"20":0,"21":1,"22":1},"f":{"0":1,"1":1,"2":1,"3":1,"4":1,"5":1},"b":{"0":[0,1],"1":[0,1],"2":[0,1]},"_coverageSchema":"1a1c01bbd47fc00a2c39e90264f33305004495a9","hash":"52bb531bd5c651aa06e8ebb9e9bef12ffad59d7d"}
,"D:\\DOCUMENTOS\\CAMACHO\\10. Decimo Semestre\\Seminario de actulizacion\\COMO_LO_piden\\src\\controllers\\liga.controller.js": {"path":"D:\\DOCUMENTOS\\CAMACHO\\10. Decimo Semestre\\Seminario de actulizacion\\COMO_LO_piden\\src\\controllers\\liga.controller.js","statementMap":{"0":{"start":{"line":3,"column":4},"end":{"line":3,"column":35}},"1":{"start":{"line":6,"column":11},"end":{"line":9,"column":3}},"2":{"start":{"line":7,"column":18},"end":{"line":7,"column":49}},"3":{"start":{"line":8,"column":4},"end":{"line":8,"column":20}},"4":{"start":{"line":11,"column":12},"end":{"line":15,"column":3}},"5":{"start":{"line":12,"column":17},"end":{"line":12,"column":62}},"6":{"start":{"line":13,"column":4},"end":{"line":13,"column":78}},"7":{"start":{"line":13,"column":15},"end":{"line":13,"column":78}},"8":{"start":{"line":14,"column":4},"end":{"line":14,"column":19}},"9":{"start":{"line":17,"column":11},"end":{"line":20,"column":3}},"10":{"start":{"line":18,"column":17},"end":{"line":18,"column":56}},"11":{"start":{"line":19,"column":4},"end":{"line":19,"column":31}},"12":{"start":{"line":22,"column":11},"end":{"line":26,"column":3}},"13":{"start":{"line":23,"column":17},"end":{"line":23,"column":71}},"14":{"start":{"line":24,"column":4},"end":{"line":24,"column":78}},"15":{"start":{"line":24,"column":15},"end":{"line":24,"column":78}},"16":{"start":{"line":25,"column":4},"end":{"line":25,"column":19}},"17":{"start":{"line":28,"column":11},"end":{"line":32,"column":3}},"18":{"start":{"line":29,"column":20},"end":{"line":29,"column":64}},"19":{"start":{"line":30,"column":4},"end":{"line":30,"column":81}},"20":{"start":{"line":30,"column":18},"end":{"line":30,"column":81}},"21":{"start":{"line":31,"column":4},"end":{"line":31,"column":44}},"22":{"start":{"line":35,"column":0},"end":{"line":35,"column":32}}},"fnMap":{"0":{"name":"(anonymous_0)","decl":{"start":{"line":2,"column":2},"end":{"line":2,"column":3}},"loc":{"start":{"line":2,"column":27},"end":{"line":4,"column":3}},"line":2},"1":{"name":"(anonymous_1)","decl":{"start":{"line":6,"column":11},"end":{"line":6,"column":12}},"loc":{"start":{"line":6,"column":31},"end":{"line":9,"column":3}},"line":6},"2":{"name":"(anonymous_2)","decl":{"start":{"line":11,"column":12},"end":{"line":11,"column":13}},"loc":{"start":{"line":11,"column":32},"end":{"line":15,"column":3}},"line":11},"3":{"name":"(anonymous_3)","decl":{"start":{"line":17,"column":11},"end":{"line":17,"column":12}},"loc":{"start":{"line":17,"column":31},"end":{"line":20,"column":3}},"line":17},"4":{"name":"(anonymous_4)","decl":{"start":{"line":22,"column":11},"end":{"line":22,"column":12}},"loc":{"start":{"line":22,"column":31},"end":{"line":26,"column":3}},"line":22},"5":{"name":"(anonymous_5)","decl":{"start":{"line":28,"column":11},"end":{"line":28,"column":12}},"loc":{"start":{"line":28,"column":31},"end":{"line":32,"column":3}},"line":28}},"branchMap":{"0":{"loc":{"start":{"line":13,"column":4},"end":{"line":13,"column":78}},"type":"if","locations":[{"start":{"line":13,"column":4},"end":{"line":13,"column":78}},{"start":{},"end":{}}],"line":13},"1":{"loc":{"start":{"line":24,"column":4},"end":{"line":24,"column":78}},"type":"if","locations":[{"start":{"line":24,"column":4},"end":{"line":24,"column":78}},{"start":{},"end":{}}],"line":24},"2":{"loc":{"start":{"line":30,"column":4},"end":{"line":30,"column":81}},"type":"if","locations":[{"start":{"line":30,"column":4},"end":{"line":30,"column":81}},{"start":{},"end":{}}],"line":30}},"s":{"0":1,"1":1,"2":1,"3":1,"4":1,"5":1,"6":1,"7":0,"8":1,"9":1,"10":1,"11":1,"12":1,"13":1,"14":1,"15":0,"16":1,"17":1,"18":1,"19":1,"20":0,"21":1,"22":1},"f":{"0":1,"1":1,"2":1,"3":1,"4":1,"5":1},"b":{"0":[0,1],"1":[0,1],"2":[0,1]},"_coverageSchema":"1a1c01bbd47fc00a2c39e90264f33305004495a9","hash":"1e7514322dd54f2f4185901e53ff3c4fd69fe4b8"}
,"D:\\DOCUMENTOS\\CAMACHO\\10. Decimo Semestre\\Seminario de actulizacion\\COMO_LO_piden\\src\\controllers\\partido.controller.js": {"path":"D:\\DOCUMENTOS\\CAMACHO\\10. Decimo Semestre\\Seminario de actulizacion\\COMO_LO_piden\\src\\controllers\\partido.controller.js","statementMap":{"0":{"start":{"line":3,"column":4},"end":{"line":3,"column":41}},"1":{"start":{"line":6,"column":11},"end":{"line":9,"column":3}},"2":{"start":{"line":7,"column":21},"end":{"line":7,"column":55}},"3":{"start":{"line":8,"column":4},"end":{"line":8,"column":23}},"4":{"start":{"line":11,"column":12},"end":{"line":15,"column":3}},"5":{"start":{"line":12,"column":20},"end":{"line":12,"column":68}},"6":{"start":{"line":13,"column":4},"end":{"line":13,"column":84}},"7":{"start":{"line":13,"column":18},"end":{"line":13,"column":84}},"8":{"start":{"line":14,"column":4},"end":{"line":14,"column":22}},"9":{"start":{"line":17,"column":11},"end":{"line":20,"column":3}},"10":{"start":{"line":18,"column":20},"end":{"line":18,"column":62}},"11":{"start":{"line":19,"column":4},"end":{"line":19,"column":34}},"12":{"start":{"line":22,"column":11},"end":{"line":26,"column":3}},"13":{"start":{"line":23,"column":20},"end":{"line":23,"column":77}},"14":{"start":{"line":24,"column":4},"end":{"line":24,"column":84}},"15":{"start":{"line":24,"column":18},"end":{"line":24,"column":84}},"16":{"start":{"line":25,"column":4},"end":{"line":25,"column":22}},"17":{"start":{"line":28,"column":11},"end":{"line":32,"column":3}},"18":{"start":{"line":29,"column":20},"end":{"line":29,"column":67}},"19":{"start":{"line":30,"column":4},"end":{"line":30,"column":84}},"20":{"start":{"line":30,"column":18},"end":{"line":30,"column":84}},"21":{"start":{"line":31,"column":4},"end":{"line":31,"column":47}},"22":{"start":{"line":35,"column":0},"end":{"line":35,"column":35}}},"fnMap":{"0":{"name":"(anonymous_0)","decl":{"start":{"line":2,"column":2},"end":{"line":2,"column":3}},"loc":{"start":{"line":2,"column":30},"end":{"line":4,"column":3}},"line":2},"1":{"name":"(anonymous_1)","decl":{"start":{"line":6,"column":11},"end":{"line":6,"column":12}},"loc":{"start":{"line":6,"column":31},"end":{"line":9,"column":3}},"line":6},"2":{"name":"(anonymous_2)","decl":{"start":{"line":11,"column":12},"end":{"line":11,"column":13}},"loc":{"start":{"line":11,"column":32},"end":{"line":15,"column":3}},"line":11},"3":{"name":"(anonymous_3)","decl":{"start":{"line":17,"column":11},"end":{"line":17,"column":12}},"loc":{"start":{"line":17,"column":31},"end":{"line":20,"column":3}},"line":17},"4":{"name":"(anonymous_4)","decl":{"start":{"line":22,"column":11},"end":{"line":22,"column":12}},"loc":{"start":{"line":22,"column":31},"end":{"line":26,"column":3}},"line":22},"5":{"name":"(anonymous_5)","decl":{"start":{"line":28,"column":11},"end":{"line":28,"column":12}},"loc":{"start":{"line":28,"column":31},"end":{"line":32,"column":3}},"line":28}},"branchMap":{"0":{"loc":{"start":{"line":13,"column":4},"end":{"line":13,"column":84}},"type":"if","locations":[{"start":{"line":13,"column":4},"end":{"line":13,"column":84}},{"start":{},"end":{}}],"line":13},"1":{"loc":{"start":{"line":24,"column":4},"end":{"line":24,"column":84}},"type":"if","locations":[{"start":{"line":24,"column":4},"end":{"line":24,"column":84}},{"start":{},"end":{}}],"line":24},"2":{"loc":{"start":{"line":30,"column":4},"end":{"line":30,"column":84}},"type":"if","locations":[{"start":{"line":30,"column":4},"end":{"line":30,"column":84}},{"start":{},"end":{}}],"line":30}},"s":{"0":1,"1":1,"2":1,"3":1,"4":1,"5":1,"6":1,"7":0,"8":1,"9":1,"10":1,"11":1,"12":1,"13":1,"14":1,"15":0,"16":1,"17":1,"18":1,"19":1,"20":0,"21":1,"22":1},"f":{"0":1,"1":1,"2":1,"3":1,"4":1,"5":1},"b":{"0":[0,1],"1":[0,1],"2":[0,1]},"_coverageSchema":"1a1c01bbd47fc00a2c39e90264f33305004495a9","hash":"db490580a316d1d0b296c7897afe37e97ac5d5f4"}
,"D:\\DOCUMENTOS\\CAMACHO\\10. Decimo Semestre\\Seminario de actulizacion\\COMO_LO_piden\\src\\controllers\\resultado.controller.js": {"path":"D:\\DOCUMENTOS\\CAMACHO\\10. Decimo Semestre\\Seminario de actulizacion\\COMO_LO_piden\\src\\controllers\\resultado.controller.js","statementMap":{"0":{"start":{"line":3,"column":4},"end":{"line":3,"column":45}},"1":{"start":{"line":7,"column":4},"end":{"line":12,"column":5}},"2":{"start":{"line":8,"column":15},"end":{"line":8,"column":61}},"3":{"start":{"line":9,"column":6},"end":{"line":9,"column":21}},"4":{"start":{"line":11,"column":6},"end":{"line":11,"column":51}},"5":{"start":{"line":16,"column":4},"end":{"line":22,"column":5}},"6":{"start":{"line":17,"column":19},"end":{"line":17,"column":69}},"7":{"start":{"line":18,"column":6},"end":{"line":18,"column":73}},"8":{"start":{"line":18,"column":17},"end":{"line":18,"column":73}},"9":{"start":{"line":19,"column":6},"end":{"line":19,"column":21}},"10":{"start":{"line":21,"column":6},"end":{"line":21,"column":51}},"11":{"start":{"line":26,"column":4},"end":{"line":31,"column":5}},"12":{"start":{"line":27,"column":19},"end":{"line":27,"column":63}},"13":{"start":{"line":28,"column":6},"end":{"line":28,"column":33}},"14":{"start":{"line":30,"column":6},"end":{"line":30,"column":51}},"15":{"start":{"line":35,"column":4},"end":{"line":41,"column":5}},"16":{"start":{"line":36,"column":19},"end":{"line":36,"column":78}},"17":{"start":{"line":37,"column":6},"end":{"line":37,"column":73}},"18":{"start":{"line":37,"column":17},"end":{"line":37,"column":73}},"19":{"start":{"line":38,"column":6},"end":{"line":38,"column":21}},"20":{"start":{"line":40,"column":6},"end":{"line":40,"column":51}},"21":{"start":{"line":45,"column":4},"end":{"line":51,"column":5}},"22":{"start":{"line":46,"column":17},"end":{"line":46,"column":66}},"23":{"start":{"line":47,"column":6},"end":{"line":47,"column":71}},"24":{"start":{"line":47,"column":15},"end":{"line":47,"column":71}},"25":{"start":{"line":48,"column":6},"end":{"line":48,"column":34}},"26":{"start":{"line":50,"column":6},"end":{"line":50,"column":51}},"27":{"start":{"line":55,"column":0},"end":{"line":55,"column":37}}},"fnMap":{"0":{"name":"(anonymous_0)","decl":{"start":{"line":2,"column":2},"end":{"line":2,"column":3}},"loc":{"start":{"line":2,"column":32},"end":{"line":4,"column":3}},"line":2},"1":{"name":"(anonymous_1)","decl":{"start":{"line":6,"column":2},"end":{"line":6,"column":3}},"loc":{"start":{"line":6,"column":25},"end":{"line":13,"column":3}},"line":6},"2":{"name":"(anonymous_2)","decl":{"start":{"line":15,"column":2},"end":{"line":15,"column":3}},"loc":{"start":{"line":15,"column":26},"end":{"line":23,"column":3}},"line":15},"3":{"name":"(anonymous_3)","decl":{"start":{"line":25,"column":2},"end":{"line":25,"column":3}},"loc":{"start":{"line":25,"column":25},"end":{"line":32,"column":3}},"line":25},"4":{"name":"(anonymous_4)","decl":{"start":{"line":34,"column":2},"end":{"line":34,"column":3}},"loc":{"start":{"line":34,"column":25},"end":{"line":42,"column":3}},"line":34},"5":{"name":"(anonymous_5)","decl":{"start":{"line":44,"column":2},"end":{"line":44,"column":3}},"loc":{"start":{"line":44,"column":25},"end":{"line":52,"column":3}},"line":44}},"branchMap":{"0":{"loc":{"start":{"line":18,"column":6},"end":{"line":18,"column":73}},"type":"if","locations":[{"start":{"line":18,"column":6},"end":{"line":18,"column":73}},{"start":{},"end":{}}],"line":18},"1":{"loc":{"start":{"line":37,"column":6},"end":{"line":37,"column":73}},"type":"if","locations":[{"start":{"line":37,"column":6},"end":{"line":37,"column":73}},{"start":{},"end":{}}],"line":37},"2":{"loc":{"start":{"line":47,"column":6},"end":{"line":47,"column":71}},"type":"if","locations":[{"start":{"line":47,"column":6},"end":{"line":47,"column":71}},{"start":{},"end":{}}],"line":47}},"s":{"0":1,"1":1,"2":1,"3":1,"4":0,"5":0,"6":0,"7":0,"8":0,"9":0,"10":0,"11":0,"12":0,"13":0,"14":0,"15":0,"16":0,"17":0,"18":0,"19":0,"20":0,"21":0,"22":0,"23":0,"24":0,"25":0,"26":0,"27":1},"f":{"0":1,"1":1,"2":0,"3":0,"4":0,"5":0},"b":{"0":[0,0],"1":[0,0],"2":[0,0]},"_coverageSchema":"1a1c01bbd47fc00a2c39e90264f33305004495a9","hash":"1322f9630b588387627d798823062390ce7b0356"}
,"D:\\DOCUMENTOS\\CAMACHO\\10. Decimo Semestre\\Seminario de actulizacion\\COMO_LO_piden\\src\\controllers\\tablaposicione.controller.js": {"path":"D:\\DOCUMENTOS\\CAMACHO\\10. Decimo Semestre\\Seminario de actulizacion\\COMO_LO_piden\\src\\controllers\\tablaposicione.controller.js","statementMap":{"0":{"start":{"line":3,"column":4},"end":{"line":3,"column":55}},"1":{"start":{"line":7,"column":4},"end":{"line":12,"column":5}},"2":{"start":{"line":8,"column":15},"end":{"line":8,"column":71}},"3":{"start":{"line":9,"column":6},"end":{"line":9,"column":21}},"4":{"start":{"line":11,"column":6},"end":{"line":11,"column":51}},"5":{"start":{"line":16,"column":4},"end":{"line":22,"column":5}},"6":{"start":{"line":17,"column":19},"end":{"line":17,"column":74}},"7":{"start":{"line":18,"column":6},"end":{"line":18,"column":73}},"8":{"start":{"line":18,"column":17},"end":{"line":18,"column":73}},"9":{"start":{"line":19,"column":6},"end":{"line":19,"column":21}},"10":{"start":{"line":21,"column":6},"end":{"line":21,"column":51}},"11":{"start":{"line":26,"column":4},"end":{"line":31,"column":5}},"12":{"start":{"line":27,"column":19},"end":{"line":27,"column":68}},"13":{"start":{"line":28,"column":6},"end":{"line":28,"column":33}},"14":{"start":{"line":30,"column":6},"end":{"line":30,"column":51}},"15":{"start":{"line":35,"column":4},"end":{"line":41,"column":5}},"16":{"start":{"line":36,"column":19},"end":{"line":36,"column":83}},"17":{"start":{"line":37,"column":6},"end":{"line":37,"column":73}},"18":{"start":{"line":37,"column":17},"end":{"line":37,"column":73}},"19":{"start":{"line":38,"column":6},"end":{"line":38,"column":21}},"20":{"start":{"line":40,"column":6},"end":{"line":40,"column":51}},"21":{"start":{"line":45,"column":4},"end":{"line":51,"column":5}},"22":{"start":{"line":46,"column":17},"end":{"line":46,"column":71}},"23":{"start":{"line":47,"column":6},"end":{"line":47,"column":71}},"24":{"start":{"line":47,"column":15},"end":{"line":47,"column":71}},"25":{"start":{"line":48,"column":6},"end":{"line":48,"column":34}},"26":{"start":{"line":50,"column":6},"end":{"line":50,"column":51}},"27":{"start":{"line":55,"column":0},"end":{"line":55,"column":42}}},"fnMap":{"0":{"name":"(anonymous_0)","decl":{"start":{"line":2,"column":2},"end":{"line":2,"column":3}},"loc":{"start":{"line":2,"column":37},"end":{"line":4,"column":3}},"line":2},"1":{"name":"(anonymous_1)","decl":{"start":{"line":6,"column":2},"end":{"line":6,"column":3}},"loc":{"start":{"line":6,"column":25},"end":{"line":13,"column":3}},"line":6},"2":{"name":"(anonymous_2)","decl":{"start":{"line":15,"column":2},"end":{"line":15,"column":3}},"loc":{"start":{"line":15,"column":26},"end":{"line":23,"column":3}},"line":15},"3":{"name":"(anonymous_3)","decl":{"start":{"line":25,"column":2},"end":{"line":25,"column":3}},"loc":{"start":{"line":25,"column":25},"end":{"line":32,"column":3}},"line":25},"4":{"name":"(anonymous_4)","decl":{"start":{"line":34,"column":2},"end":{"line":34,"column":3}},"loc":{"start":{"line":34,"column":25},"end":{"line":42,"column":3}},"line":34},"5":{"name":"(anonymous_5)","decl":{"start":{"line":44,"column":2},"end":{"line":44,"column":3}},"loc":{"start":{"line":44,"column":25},"end":{"line":52,"column":3}},"line":44}},"branchMap":{"0":{"loc":{"start":{"line":18,"column":6},"end":{"line":18,"column":73}},"type":"if","locations":[{"start":{"line":18,"column":6},"end":{"line":18,"column":73}},{"start":{},"end":{}}],"line":18},"1":{"loc":{"start":{"line":37,"column":6},"end":{"line":37,"column":73}},"type":"if","locations":[{"start":{"line":37,"column":6},"end":{"line":37,"column":73}},{"start":{},"end":{}}],"line":37},"2":{"loc":{"start":{"line":47,"column":6},"end":{"line":47,"column":71}},"type":"if","locations":[{"start":{"line":47,"column":6},"end":{"line":47,"column":71}},{"start":{},"end":{}}],"line":47}},"s":{"0":1,"1":1,"2":1,"3":1,"4":0,"5":0,"6":0,"7":0,"8":0,"9":0,"10":0,"11":0,"12":0,"13":0,"14":0,"15":0,"16":0,"17":0,"18":0,"19":0,"20":0,"21":0,"22":0,"23":0,"24":0,"25":0,"26":0,"27":1},"f":{"0":1,"1":1,"2":0,"3":0,"4":0,"5":0},"b":{"0":[0,0],"1":[0,0],"2":[0,0]},"_coverageSchema":"1a1c01bbd47fc00a2c39e90264f33305004495a9","hash":"f6f1bbd72abb527d6cc5d71c5bb8f49cf69bf834"}
,"D:\\DOCUMENTOS\\CAMACHO\\10. Decimo Semestre\\Seminario de actulizacion\\COMO_LO_piden\\src\\controllers\\temporada.controller.js": {"path":"D:\\DOCUMENTOS\\CAMACHO\\10. Decimo Semestre\\Seminario de actulizacion\\COMO_LO_piden\\src\\controllers\\temporada.controller.js","statementMap":{"0":{"start":{"line":3,"column":4},"end":{"line":3,"column":45}},"1":{"start":{"line":6,"column":11},"end":{"line":9,"column":3}},"2":{"start":{"line":7,"column":23},"end":{"line":7,"column":59}},"3":{"start":{"line":8,"column":4},"end":{"line":8,"column":25}},"4":{"start":{"line":11,"column":12},"end":{"line":15,"column":3}},"5":{"start":{"line":12,"column":22},"end":{"line":12,"column":72}},"6":{"start":{"line":13,"column":4},"end":{"line":13,"column":88}},"7":{"start":{"line":13,"column":20},"end":{"line":13,"column":88}},"8":{"start":{"line":14,"column":4},"end":{"line":14,"column":24}},"9":{"start":{"line":17,"column":11},"end":{"line":20,"column":3}},"10":{"start":{"line":18,"column":22},"end":{"line":18,"column":66}},"11":{"start":{"line":19,"column":4},"end":{"line":19,"column":36}},"12":{"start":{"line":22,"column":11},"end":{"line":26,"column":3}},"13":{"start":{"line":23,"column":22},"end":{"line":23,"column":81}},"14":{"start":{"line":24,"column":4},"end":{"line":24,"column":88}},"15":{"start":{"line":24,"column":20},"end":{"line":24,"column":88}},"16":{"start":{"line":25,"column":4},"end":{"line":25,"column":24}},"17":{"start":{"line":28,"column":11},"end":{"line":32,"column":3}},"18":{"start":{"line":29,"column":20},"end":{"line":29,"column":69}},"19":{"start":{"line":30,"column":4},"end":{"line":30,"column":86}},"20":{"start":{"line":30,"column":18},"end":{"line":30,"column":86}},"21":{"start":{"line":31,"column":4},"end":{"line":31,"column":49}},"22":{"start":{"line":35,"column":0},"end":{"line":35,"column":37}}},"fnMap":{"0":{"name":"(anonymous_0)","decl":{"start":{"line":2,"column":2},"end":{"line":2,"column":3}},"loc":{"start":{"line":2,"column":32},"end":{"line":4,"column":3}},"line":2},"1":{"name":"(anonymous_1)","decl":{"start":{"line":6,"column":11},"end":{"line":6,"column":12}},"loc":{"start":{"line":6,"column":31},"end":{"line":9,"column":3}},"line":6},"2":{"name":"(anonymous_2)","decl":{"start":{"line":11,"column":12},"end":{"line":11,"column":13}},"loc":{"start":{"line":11,"column":32},"end":{"line":15,"column":3}},"line":11},"3":{"name":"(anonymous_3)","decl":{"start":{"line":17,"column":11},"end":{"line":17,"column":12}},"loc":{"start":{"line":17,"column":31},"end":{"line":20,"column":3}},"line":17},"4":{"name":"(anonymous_4)","decl":{"start":{"line":22,"column":11},"end":{"line":22,"column":12}},"loc":{"start":{"line":22,"column":31},"end":{"line":26,"column":3}},"line":22},"5":{"name":"(anonymous_5)","decl":{"start":{"line":28,"column":11},"end":{"line":28,"column":12}},"loc":{"start":{"line":28,"column":31},"end":{"line":32,"column":3}},"line":28}},"branchMap":{"0":{"loc":{"start":{"line":13,"column":4},"end":{"line":13,"column":88}},"type":"if","locations":[{"start":{"line":13,"column":4},"end":{"line":13,"column":88}},{"start":{},"end":{}}],"line":13},"1":{"loc":{"start":{"line":24,"column":4},"end":{"line":24,"column":88}},"type":"if","locations":[{"start":{"line":24,"column":4},"end":{"line":24,"column":88}},{"start":{},"end":{}}],"line":24},"2":{"loc":{"start":{"line":30,"column":4},"end":{"line":30,"column":86}},"type":"if","locations":[{"start":{"line":30,"column":4},"end":{"line":30,"column":86}},{"start":{},"end":{}}],"line":30}},"s":{"0":1,"1":1,"2":1,"3":1,"4":1,"5":1,"6":1,"7":0,"8":1,"9":1,"10":1,"11":1,"12":1,"13":1,"14":1,"15":0,"16":1,"17":1,"18":1,"19":1,"20":0,"21":1,"22":1},"f":{"0":1,"1":1,"2":1,"3":1,"4":1,"5":1},"b":{"0":[0,1],"1":[0,1],"2":[0,1]},"_coverageSchema":"1a1c01bbd47fc00a2c39e90264f33305004495a9","hash":"53bf274a7d72db9c86df4ba123af148d07262a6b"}
,"D:\\DOCUMENTOS\\CAMACHO\\10. Decimo Semestre\\Seminario de actulizacion\\COMO_LO_piden\\src\\controllers\\usuario.controller.js": {"path":"D:\\DOCUMENTOS\\CAMACHO\\10. Decimo Semestre\\Seminario de actulizacion\\COMO_LO_piden\\src\\controllers\\usuario.controller.js","statementMap":{"0":{"start":{"line":3,"column":4},"end":{"line":3,"column":41}},"1":{"start":{"line":6,"column":11},"end":{"line":13,"column":3}},"2":{"start":{"line":7,"column":4},"end":{"line":12,"column":5}},"3":{"start":{"line":8,"column":23},"end":{"line":8,"column":65}},"4":{"start":{"line":9,"column":6},"end":{"line":9,"column":25}},"5":{"start":{"line":11,"column":6},"end":{"line":11,"column":51}},"6":{"start":{"line":15,"column":12},"end":{"line":23,"column":3}},"7":{"start":{"line":16,"column":4},"end":{"line":22,"column":5}},"8":{"start":{"line":17,"column":22},"end":{"line":17,"column":77}},"9":{"start":{"line":18,"column":6},"end":{"line":18,"column":86}},"10":{"start":{"line":18,"column":20},"end":{"line":18,"column":86}},"11":{"start":{"line":19,"column":6},"end":{"line":19,"column":24}},"12":{"start":{"line":21,"column":6},"end":{"line":21,"column":51}},"13":{"start":{"line":25,"column":11},"end":{"line":32,"column":3}},"14":{"start":{"line":26,"column":4},"end":{"line":31,"column":5}},"15":{"start":{"line":27,"column":22},"end":{"line":27,"column":71}},"16":{"start":{"line":28,"column":6},"end":{"line":28,"column":36}},"17":{"start":{"line":30,"column":6},"end":{"line":30,"column":51}},"18":{"start":{"line":34,"column":11},"end":{"line":42,"column":3}},"19":{"start":{"line":35,"column":4},"end":{"line":41,"column":5}},"20":{"start":{"line":36,"column":22},"end":{"line":36,"column":86}},"21":{"start":{"line":37,"column":6},"end":{"line":37,"column":86}},"22":{"start":{"line":37,"column":20},"end":{"line":37,"column":86}},"23":{"start":{"line":38,"column":6},"end":{"line":38,"column":24}},"24":{"start":{"line":40,"column":6},"end":{"line":40,"column":51}},"25":{"start":{"line":44,"column":11},"end":{"line":52,"column":3}},"26":{"start":{"line":45,"column":4},"end":{"line":51,"column":5}},"27":{"start":{"line":46,"column":22},"end":{"line":46,"column":76}},"28":{"start":{"line":47,"column":6},"end":{"line":47,"column":86}},"29":{"start":{"line":47,"column":20},"end":{"line":47,"column":86}},"30":{"start":{"line":48,"column":6},"end":{"line":48,"column":29}},"31":{"start":{"line":50,"column":6},"end":{"line":50,"column":51}},"32":{"start":{"line":55,"column":0},"end":{"line":55,"column":35}}},"fnMap":{"0":{"name":"(anonymous_0)","decl":{"start":{"line":2,"column":2},"end":{"line":2,"column":3}},"loc":{"start":{"line":2,"column":30},"end":{"line":4,"column":3}},"line":2},"1":{"name":"(anonymous_1)","decl":{"start":{"line":6,"column":11},"end":{"line":6,"column":12}},"loc":{"start":{"line":6,"column":31},"end":{"line":13,"column":3}},"line":6},"2":{"name":"(anonymous_2)","decl":{"start":{"line":15,"column":12},"end":{"line":15,"column":13}},"loc":{"start":{"line":15,"column":32},"end":{"line":23,"column":3}},"line":15},"3":{"name":"(anonymous_3)","decl":{"start":{"line":25,"column":11},"end":{"line":25,"column":12}},"loc":{"start":{"line":25,"column":31},"end":{"line":32,"column":3}},"line":25},"4":{"name":"(anonymous_4)","decl":{"start":{"line":34,"column":11},"end":{"line":34,"column":12}},"loc":{"start":{"line":34,"column":31},"end":{"line":42,"column":3}},"line":34},"5":{"name":"(anonymous_5)","decl":{"start":{"line":44,"column":11},"end":{"line":44,"column":12}},"loc":{"start":{"line":44,"column":31},"end":{"line":52,"column":3}},"line":44}},"branchMap":{"0":{"loc":{"start":{"line":18,"column":6},"end":{"line":18,"column":86}},"type":"if","locations":[{"start":{"line":18,"column":6},"end":{"line":18,"column":86}},{"start":{},"end":{}}],"line":18},"1":{"loc":{"start":{"line":37,"column":6},"end":{"line":37,"column":86}},"type":"if","locations":[{"start":{"line":37,"column":6},"end":{"line":37,"column":86}},{"start":{},"end":{}}],"line":37},"2":{"loc":{"start":{"line":47,"column":6},"end":{"line":47,"column":86}},"type":"if","locations":[{"start":{"line":47,"column":6},"end":{"line":47,"column":86}},{"start":{},"end":{}}],"line":47}},"s":{"0":1,"1":1,"2":1,"3":1,"4":1,"5":0,"6":1,"7":0,"8":0,"9":0,"10":0,"11":0,"12":0,"13":1,"14":0,"15":0,"16":0,"17":0,"18":1,"19":0,"20":0,"21":0,"22":0,"23":0,"24":0,"25":1,"26":0,"27":0,"28":0,"29":0,"30":0,"31":0,"32":1},"f":{"0":1,"1":1,"2":0,"3":0,"4":0,"5":0},"b":{"0":[0,0],"1":[0,0],"2":[0,0]},"_coverageSchema":"1a1c01bbd47fc00a2c39e90264f33305004495a9","hash":"1605c646545ec2a2d0e19c924b96d476453ebfab"}
,"D:\\DOCUMENTOS\\CAMACHO\\10. Decimo Semestre\\Seminario de actulizacion\\COMO_LO_piden\\src\\repositories\\equipo.repository.js": {"path":"D:\\DOCUMENTOS\\CAMACHO\\10. Decimo Semestre\\Seminario de actulizacion\\COMO_LO_piden\\src\\repositories\\equipo.repository.js","statementMap":{"0":{"start":{"line":5,"column":4},"end":{"line":5,"column":30}},"1":{"start":{"line":8,"column":4},"end":{"line":8,"column":33}},"2":{"start":{"line":11,"column":4},"end":{"line":11,"column":36}},"3":{"start":{"line":14,"column":4},"end":{"line":14,"column":36}},"4":{"start":{"line":17,"column":19},"end":{"line":17,"column":49}},"5":{"start":{"line":18,"column":4},"end":{"line":18,"column":29}},"6":{"start":{"line":18,"column":17},"end":{"line":18,"column":29}},"7":{"start":{"line":19,"column":4},"end":{"line":19,"column":31}},"8":{"start":{"line":22,"column":19},"end":{"line":22,"column":49}},"9":{"start":{"line":23,"column":4},"end":{"line":23,"column":29}},"10":{"start":{"line":23,"column":17},"end":{"line":23,"column":29}},"11":{"start":{"line":24,"column":4},"end":{"line":24,"column":27}},"12":{"start":{"line":25,"column":4},"end":{"line":25,"column":16}},"13":{"start":{"line":29,"column":0},"end":{"line":29,"column":34}}},"fnMap":{"0":{"name":"(anonymous_0)","decl":{"start":{"line":4,"column":2},"end":{"line":4,"column":3}},"loc":{"start":{"line":4,"column":27},"end":{"line":6,"column":3}},"line":4},"1":{"name":"(anonymous_1)","decl":{"start":{"line":7,"column":2},"end":{"line":7,"column":3}},"loc":{"start":{"line":7,"column":18},"end":{"line":9,"column":3}},"line":7},"2":{"name":"(anonymous_2)","decl":{"start":{"line":10,"column":2},"end":{"line":10,"column":3}},"loc":{"start":{"line":10,"column":21},"end":{"line":12,"column":3}},"line":10},"3":{"name":"(anonymous_3)","decl":{"start":{"line":13,"column":2},"end":{"line":13,"column":3}},"loc":{"start":{"line":13,"column":21},"end":{"line":15,"column":3}},"line":13},"4":{"name":"(anonymous_4)","decl":{"start":{"line":16,"column":2},"end":{"line":16,"column":3}},"loc":{"start":{"line":16,"column":25},"end":{"line":20,"column":3}},"line":16},"5":{"name":"(anonymous_5)","decl":{"start":{"line":21,"column":2},"end":{"line":21,"column":3}},"loc":{"start":{"line":21,"column":19},"end":{"line":26,"column":3}},"line":21}},"branchMap":{"0":{"loc":{"start":{"line":18,"column":4},"end":{"line":18,"column":29}},"type":"if","locations":[{"start":{"line":18,"column":4},"end":{"line":18,"column":29}},{"start":{},"end":{}}],"line":18},"1":{"loc":{"start":{"line":23,"column":4},"end":{"line":23,"column":29}},"type":"if","locations":[{"start":{"line":23,"column":4},"end":{"line":23,"column":29}},{"start":{},"end":{}}],"line":23}},"s":{"0":3,"1":1,"2":1,"3":1,"4":0,"5":0,"6":0,"7":0,"8":0,"9":0,"10":0,"11":0,"12":0,"13":1},"f":{"0":3,"1":1,"2":1,"3":1,"4":0,"5":0},"b":{"0":[0,0],"1":[0,0]},"_coverageSchema":"1a1c01bbd47fc00a2c39e90264f33305004495a9","hash":"319003946a2f6a80c13f0d2175ec1c92456ab9c8"}
,"D:\\DOCUMENTOS\\CAMACHO\\10. Decimo Semestre\\Seminario de actulizacion\\COMO_LO_piden\\src\\repositories\\jugador.repository.js": {"path":"D:\\DOCUMENTOS\\CAMACHO\\10. Decimo Semestre\\Seminario de actulizacion\\COMO_LO_piden\\src\\repositories\\jugador.repository.js","statementMap":{"0":{"start":{"line":5,"column":4},"end":{"line":5,"column":32}},"1":{"start":{"line":8,"column":4},"end":{"line":8,"column":34}},"2":{"start":{"line":11,"column":4},"end":{"line":11,"column":37}},"3":{"start":{"line":14,"column":4},"end":{"line":14,"column":37}},"4":{"start":{"line":17,"column":20},"end":{"line":17,"column":51}},"5":{"start":{"line":18,"column":4},"end":{"line":18,"column":30}},"6":{"start":{"line":18,"column":18},"end":{"line":18,"column":30}},"7":{"start":{"line":19,"column":4},"end":{"line":19,"column":32}},"8":{"start":{"line":22,"column":20},"end":{"line":22,"column":51}},"9":{"start":{"line":23,"column":4},"end":{"line":23,"column":30}},"10":{"start":{"line":23,"column":18},"end":{"line":23,"column":30}},"11":{"start":{"line":24,"column":4},"end":{"line":24,"column":28}},"12":{"start":{"line":25,"column":4},"end":{"line":25,"column":16}},"13":{"start":{"line":29,"column":0},"end":{"line":29,"column":35}}},"fnMap":{"0":{"name":"(anonymous_0)","decl":{"start":{"line":4,"column":2},"end":{"line":4,"column":3}},"loc":{"start":{"line":4,"column":28},"end":{"line":6,"column":3}},"line":4},"1":{"name":"(anonymous_1)","decl":{"start":{"line":7,"column":2},"end":{"line":7,"column":3}},"loc":{"start":{"line":7,"column":18},"end":{"line":9,"column":3}},"line":7},"2":{"name":"(anonymous_2)","decl":{"start":{"line":10,"column":2},"end":{"line":10,"column":3}},"loc":{"start":{"line":10,"column":21},"end":{"line":12,"column":3}},"line":10},"3":{"name":"(anonymous_3)","decl":{"start":{"line":13,"column":2},"end":{"line":13,"column":3}},"loc":{"start":{"line":13,"column":21},"end":{"line":15,"column":3}},"line":13},"4":{"name":"(anonymous_4)","decl":{"start":{"line":16,"column":2},"end":{"line":16,"column":3}},"loc":{"start":{"line":16,"column":25},"end":{"line":20,"column":3}},"line":16},"5":{"name":"(anonymous_5)","decl":{"start":{"line":21,"column":2},"end":{"line":21,"column":3}},"loc":{"start":{"line":21,"column":19},"end":{"line":26,"column":3}},"line":21}},"branchMap":{"0":{"loc":{"start":{"line":18,"column":4},"end":{"line":18,"column":30}},"type":"if","locations":[{"start":{"line":18,"column":4},"end":{"line":18,"column":30}},{"start":{},"end":{}}],"line":18},"1":{"loc":{"start":{"line":23,"column":4},"end":{"line":23,"column":30}},"type":"if","locations":[{"start":{"line":23,"column":4},"end":{"line":23,"column":30}},{"start":{},"end":{}}],"line":23}},"s":{"0":3,"1":1,"2":1,"3":1,"4":0,"5":0,"6":0,"7":0,"8":0,"9":0,"10":0,"11":0,"12":0,"13":1},"f":{"0":3,"1":1,"2":1,"3":1,"4":0,"5":0},"b":{"0":[0,0],"1":[0,0]},"_coverageSchema":"1a1c01bbd47fc00a2c39e90264f33305004495a9","hash":"bd9cbe8f5a4e2788b7a362ae9c50146a1b120fe5"}
,"D:\\DOCUMENTOS\\CAMACHO\\10. Decimo Semestre\\Seminario de actulizacion\\COMO_LO_piden\\src\\repositories\\liga.repository.js": {"path":"D:\\DOCUMENTOS\\CAMACHO\\10. Decimo Semestre\\Seminario de actulizacion\\COMO_LO_piden\\src\\repositories\\liga.repository.js","statementMap":{"0":{"start":{"line":5,"column":4},"end":{"line":5,"column":26}},"1":{"start":{"line":8,"column":4},"end":{"line":8,"column":31}},"2":{"start":{"line":11,"column":4},"end":{"line":11,"column":34}},"3":{"start":{"line":14,"column":4},"end":{"line":14,"column":34}},"4":{"start":{"line":17,"column":17},"end":{"line":17,"column":45}},"5":{"start":{"line":18,"column":4},"end":{"line":18,"column":27}},"6":{"start":{"line":18,"column":15},"end":{"line":18,"column":27}},"7":{"start":{"line":19,"column":4},"end":{"line":19,"column":29}},"8":{"start":{"line":22,"column":17},"end":{"line":22,"column":45}},"9":{"start":{"line":23,"column":4},"end":{"line":23,"column":27}},"10":{"start":{"line":23,"column":15},"end":{"line":23,"column":27}},"11":{"start":{"line":24,"column":4},"end":{"line":24,"column":25}},"12":{"start":{"line":25,"column":4},"end":{"line":25,"column":16}},"13":{"start":{"line":29,"column":0},"end":{"line":29,"column":32}}},"fnMap":{"0":{"name":"(anonymous_0)","decl":{"start":{"line":4,"column":2},"end":{"line":4,"column":3}},"loc":{"start":{"line":4,"column":25},"end":{"line":6,"column":3}},"line":4},"1":{"name":"(anonymous_1)","decl":{"start":{"line":7,"column":2},"end":{"line":7,"column":3}},"loc":{"start":{"line":7,"column":18},"end":{"line":9,"column":3}},"line":7},"2":{"name":"(anonymous_2)","decl":{"start":{"line":10,"column":2},"end":{"line":10,"column":3}},"loc":{"start":{"line":10,"column":21},"end":{"line":12,"column":3}},"line":10},"3":{"name":"(anonymous_3)","decl":{"start":{"line":13,"column":2},"end":{"line":13,"column":3}},"loc":{"start":{"line":13,"column":21},"end":{"line":15,"column":3}},"line":13},"4":{"name":"(anonymous_4)","decl":{"start":{"line":16,"column":2},"end":{"line":16,"column":3}},"loc":{"start":{"line":16,"column":25},"end":{"line":20,"column":3}},"line":16},"5":{"name":"(anonymous_5)","decl":{"start":{"line":21,"column":2},"end":{"line":21,"column":3}},"loc":{"start":{"line":21,"column":19},"end":{"line":26,"column":3}},"line":21}},"branchMap":{"0":{"loc":{"start":{"line":18,"column":4},"end":{"line":18,"column":27}},"type":"if","locations":[{"start":{"line":18,"column":4},"end":{"line":18,"column":27}},{"start":{},"end":{}}],"line":18},"1":{"loc":{"start":{"line":23,"column":4},"end":{"line":23,"column":27}},"type":"if","locations":[{"start":{"line":23,"column":4},"end":{"line":23,"column":27}},{"start":{},"end":{}}],"line":23}},"s":{"0":3,"1":1,"2":1,"3":1,"4":0,"5":0,"6":0,"7":0,"8":0,"9":0,"10":0,"11":0,"12":0,"13":1},"f":{"0":3,"1":1,"2":1,"3":1,"4":0,"5":0},"b":{"0":[0,0],"1":[0,0]},"_coverageSchema":"1a1c01bbd47fc00a2c39e90264f33305004495a9","hash":"08a06fa51213bc465f5c757aa86a8e1b4e7f7da5"}
,"D:\\DOCUMENTOS\\CAMACHO\\10. Decimo Semestre\\Seminario de actulizacion\\COMO_LO_piden\\src\\repositories\\partido.repository.js": {"path":"D:\\DOCUMENTOS\\CAMACHO\\10. Decimo Semestre\\Seminario de actulizacion\\COMO_LO_piden\\src\\repositories\\partido.repository.js","statementMap":{"0":{"start":{"line":5,"column":4},"end":{"line":5,"column":32}},"1":{"start":{"line":8,"column":4},"end":{"line":8,"column":34}},"2":{"start":{"line":11,"column":4},"end":{"line":11,"column":37}},"3":{"start":{"line":14,"column":4},"end":{"line":14,"column":37}},"4":{"start":{"line":17,"column":20},"end":{"line":17,"column":51}},"5":{"start":{"line":18,"column":4},"end":{"line":18,"column":30}},"6":{"start":{"line":18,"column":18},"end":{"line":18,"column":30}},"7":{"start":{"line":19,"column":4},"end":{"line":19,"column":32}},"8":{"start":{"line":22,"column":20},"end":{"line":22,"column":51}},"9":{"start":{"line":23,"column":4},"end":{"line":23,"column":30}},"10":{"start":{"line":23,"column":18},"end":{"line":23,"column":30}},"11":{"start":{"line":24,"column":4},"end":{"line":24,"column":28}},"12":{"start":{"line":25,"column":4},"end":{"line":25,"column":16}},"13":{"start":{"line":29,"column":0},"end":{"line":29,"column":35}}},"fnMap":{"0":{"name":"(anonymous_0)","decl":{"start":{"line":4,"column":2},"end":{"line":4,"column":3}},"loc":{"start":{"line":4,"column":28},"end":{"line":6,"column":3}},"line":4},"1":{"name":"(anonymous_1)","decl":{"start":{"line":7,"column":2},"end":{"line":7,"column":3}},"loc":{"start":{"line":7,"column":18},"end":{"line":9,"column":3}},"line":7},"2":{"name":"(anonymous_2)","decl":{"start":{"line":10,"column":2},"end":{"line":10,"column":3}},"loc":{"start":{"line":10,"column":21},"end":{"line":12,"column":3}},"line":10},"3":{"name":"(anonymous_3)","decl":{"start":{"line":13,"column":2},"end":{"line":13,"column":3}},"loc":{"start":{"line":13,"column":21},"end":{"line":15,"column":3}},"line":13},"4":{"name":"(anonymous_4)","decl":{"start":{"line":16,"column":2},"end":{"line":16,"column":3}},"loc":{"start":{"line":16,"column":25},"end":{"line":20,"column":3}},"line":16},"5":{"name":"(anonymous_5)","decl":{"start":{"line":21,"column":2},"end":{"line":21,"column":3}},"loc":{"start":{"line":21,"column":19},"end":{"line":26,"column":3}},"line":21}},"branchMap":{"0":{"loc":{"start":{"line":18,"column":4},"end":{"line":18,"column":30}},"type":"if","locations":[{"start":{"line":18,"column":4},"end":{"line":18,"column":30}},{"start":{},"end":{}}],"line":18},"1":{"loc":{"start":{"line":23,"column":4},"end":{"line":23,"column":30}},"type":"if","locations":[{"start":{"line":23,"column":4},"end":{"line":23,"column":30}},{"start":{},"end":{}}],"line":23}},"s":{"0":3,"1":1,"2":1,"3":1,"4":0,"5":0,"6":0,"7":0,"8":0,"9":0,"10":0,"11":0,"12":0,"13":1},"f":{"0":3,"1":1,"2":1,"3":1,"4":0,"5":0},"b":{"0":[0,0],"1":[0,0]},"_coverageSchema":"1a1c01bbd47fc00a2c39e90264f33305004495a9","hash":"f7a58a808504510b3770fd103f3798544302ce3c"}
,"D:\\DOCUMENTOS\\CAMACHO\\10. Decimo Semestre\\Seminario de actulizacion\\COMO_LO_piden\\src\\repositories\\resultado.repository.js": {"path":"D:\\DOCUMENTOS\\CAMACHO\\10. Decimo Semestre\\Seminario de actulizacion\\COMO_LO_piden\\src\\repositories\\resultado.repository.js","statementMap":{"0":{"start":{"line":4,"column":4},"end":{"line":4,"column":36}},"1":{"start":{"line":8,"column":4},"end":{"line":8,"column":36}},"2":{"start":{"line":12,"column":4},"end":{"line":12,"column":36}},"3":{"start":{"line":16,"column":4},"end":{"line":16,"column":39}},"4":{"start":{"line":20,"column":4},"end":{"line":20,"column":39}},"5":{"start":{"line":24,"column":19},"end":{"line":24,"column":52}},"6":{"start":{"line":25,"column":4},"end":{"line":25,"column":29}},"7":{"start":{"line":25,"column":17},"end":{"line":25,"column":29}},"8":{"start":{"line":26,"column":4},"end":{"line":26,"column":31}},"9":{"start":{"line":30,"column":19},"end":{"line":30,"column":52}},"10":{"start":{"line":31,"column":4},"end":{"line":31,"column":29}},"11":{"start":{"line":31,"column":17},"end":{"line":31,"column":29}},"12":{"start":{"line":32,"column":4},"end":{"line":32,"column":27}},"13":{"start":{"line":33,"column":4},"end":{"line":33,"column":16}},"14":{"start":{"line":37,"column":0},"end":{"line":37,"column":37}}},"fnMap":{"0":{"name":"(anonymous_0)","decl":{"start":{"line":3,"column":2},"end":{"line":3,"column":3}},"loc":{"start":{"line":3,"column":30},"end":{"line":5,"column":3}},"line":3},"1":{"name":"(anonymous_1)","decl":{"start":{"line":7,"column":2},"end":{"line":7,"column":3}},"loc":{"start":{"line":7,"column":18},"end":{"line":9,"column":3}},"line":7},"2":{"name":"(anonymous_2)","decl":{"start":{"line":11,"column":2},"end":{"line":11,"column":3}},"loc":{"start":{"line":11,"column":17},"end":{"line":13,"column":3}},"line":11},"3":{"name":"(anonymous_3)","decl":{"start":{"line":15,"column":2},"end":{"line":15,"column":3}},"loc":{"start":{"line":15,"column":20},"end":{"line":17,"column":3}},"line":15},"4":{"name":"(anonymous_4)","decl":{"start":{"line":19,"column":2},"end":{"line":19,"column":3}},"loc":{"start":{"line":19,"column":21},"end":{"line":21,"column":3}},"line":19},"5":{"name":"(anonymous_5)","decl":{"start":{"line":23,"column":2},"end":{"line":23,"column":3}},"loc":{"start":{"line":23,"column":25},"end":{"line":27,"column":3}},"line":23},"6":{"name":"(anonymous_6)","decl":{"start":{"line":29,"column":2},"end":{"line":29,"column":3}},"loc":{"start":{"line":29,"column":19},"end":{"line":34,"column":3}},"line":29}},"branchMap":{"0":{"loc":{"start":{"line":25,"column":4},"end":{"line":25,"column":29}},"type":"if","locations":[{"start":{"line":25,"column":4},"end":{"line":25,"column":29}},{"start":{},"end":{}}],"line":25},"1":{"loc":{"start":{"line":31,"column":4},"end":{"line":31,"column":29}},"type":"if","locations":[{"start":{"line":31,"column":4},"end":{"line":31,"column":29}},{"start":{},"end":{}}],"line":31}},"s":{"0":5,"1":3,"2":0,"3":0,"4":2,"5":0,"6":0,"7":0,"8":0,"9":0,"10":0,"11":0,"12":0,"13":0,"14":3},"f":{"0":5,"1":3,"2":0,"3":0,"4":2,"5":0,"6":0},"b":{"0":[0,0],"1":[0,0]},"_coverageSchema":"1a1c01bbd47fc00a2c39e90264f33305004495a9","hash":"3bd5a4941e167ad7ed104c7d961ca416504df433"}
,"D:\\DOCUMENTOS\\CAMACHO\\10. Decimo Semestre\\Seminario de actulizacion\\COMO_LO_piden\\src\\repositories\\tablaposicione.repository.js": {"path":"D:\\DOCUMENTOS\\CAMACHO\\10. Decimo Semestre\\Seminario de actulizacion\\COMO_LO_piden\\src\\repositories\\tablaposicione.repository.js","statementMap":{"0":{"start":{"line":4,"column":4},"end":{"line":4,"column":46}},"1":{"start":{"line":8,"column":4},"end":{"line":8,"column":41}},"2":{"start":{"line":12,"column":4},"end":{"line":12,"column":41}},"3":{"start":{"line":16,"column":4},"end":{"line":16,"column":44}},"4":{"start":{"line":20,"column":4},"end":{"line":20,"column":44}},"5":{"start":{"line":24,"column":19},"end":{"line":24,"column":57}},"6":{"start":{"line":25,"column":4},"end":{"line":25,"column":29}},"7":{"start":{"line":25,"column":17},"end":{"line":25,"column":29}},"8":{"start":{"line":26,"column":4},"end":{"line":26,"column":31}},"9":{"start":{"line":30,"column":19},"end":{"line":30,"column":57}},"10":{"start":{"line":31,"column":4},"end":{"line":31,"column":29}},"11":{"start":{"line":31,"column":17},"end":{"line":31,"column":29}},"12":{"start":{"line":32,"column":4},"end":{"line":32,"column":27}},"13":{"start":{"line":33,"column":4},"end":{"line":33,"column":16}},"14":{"start":{"line":37,"column":0},"end":{"line":37,"column":42}}},"fnMap":{"0":{"name":"(anonymous_0)","decl":{"start":{"line":3,"column":2},"end":{"line":3,"column":3}},"loc":{"start":{"line":3,"column":35},"end":{"line":5,"column":3}},"line":3},"1":{"name":"(anonymous_1)","decl":{"start":{"line":7,"column":2},"end":{"line":7,"column":3}},"loc":{"start":{"line":7,"column":18},"end":{"line":9,"column":3}},"line":7},"2":{"name":"(anonymous_2)","decl":{"start":{"line":11,"column":2},"end":{"line":11,"column":3}},"loc":{"start":{"line":11,"column":17},"end":{"line":13,"column":3}},"line":11},"3":{"name":"(anonymous_3)","decl":{"start":{"line":15,"column":2},"end":{"line":15,"column":3}},"loc":{"start":{"line":15,"column":20},"end":{"line":17,"column":3}},"line":15},"4":{"name":"(anonymous_4)","decl":{"start":{"line":19,"column":2},"end":{"line":19,"column":3}},"loc":{"start":{"line":19,"column":21},"end":{"line":21,"column":3}},"line":19},"5":{"name":"(anonymous_5)","decl":{"start":{"line":23,"column":2},"end":{"line":23,"column":3}},"loc":{"start":{"line":23,"column":25},"end":{"line":27,"column":3}},"line":23},"6":{"name":"(anonymous_6)","decl":{"start":{"line":29,"column":2},"end":{"line":29,"column":3}},"loc":{"start":{"line":29,"column":19},"end":{"line":34,"column":3}},"line":29}},"branchMap":{"0":{"loc":{"start":{"line":25,"column":4},"end":{"line":25,"column":29}},"type":"if","locations":[{"start":{"line":25,"column":4},"end":{"line":25,"column":29}},{"start":{},"end":{}}],"line":25},"1":{"loc":{"start":{"line":31,"column":4},"end":{"line":31,"column":29}},"type":"if","locations":[{"start":{"line":31,"column":4},"end":{"line":31,"column":29}},{"start":{},"end":{}}],"line":31}},"s":{"0":5,"1":3,"2":0,"3":0,"4":2,"5":0,"6":0,"7":0,"8":0,"9":0,"10":0,"11":0,"12":0,"13":0,"14":3},"f":{"0":5,"1":3,"2":0,"3":0,"4":2,"5":0,"6":0},"b":{"0":[0,0],"1":[0,0]},"_coverageSchema":"1a1c01bbd47fc00a2c39e90264f33305004495a9","hash":"6caa2bca4b142df055b61333f30a1bea434c3a6b"}
,"D:\\DOCUMENTOS\\CAMACHO\\10. Decimo Semestre\\Seminario de actulizacion\\COMO_LO_piden\\src\\repositories\\temporada.repository.js": {"path":"D:\\DOCUMENTOS\\CAMACHO\\10. Decimo Semestre\\Seminario de actulizacion\\COMO_LO_piden\\src\\repositories\\temporada.repository.js","statementMap":{"0":{"start":{"line":5,"column":4},"end":{"line":5,"column":36}},"1":{"start":{"line":8,"column":4},"end":{"line":8,"column":36}},"2":{"start":{"line":11,"column":4},"end":{"line":11,"column":39}},"3":{"start":{"line":14,"column":4},"end":{"line":14,"column":39}},"4":{"start":{"line":17,"column":22},"end":{"line":17,"column":55}},"5":{"start":{"line":18,"column":4},"end":{"line":18,"column":32}},"6":{"start":{"line":18,"column":20},"end":{"line":18,"column":32}},"7":{"start":{"line":19,"column":4},"end":{"line":19,"column":34}},"8":{"start":{"line":22,"column":22},"end":{"line":22,"column":55}},"9":{"start":{"line":23,"column":4},"end":{"line":23,"column":32}},"10":{"start":{"line":23,"column":20},"end":{"line":23,"column":32}},"11":{"start":{"line":24,"column":4},"end":{"line":24,"column":30}},"12":{"start":{"line":25,"column":4},"end":{"line":25,"column":16}},"13":{"start":{"line":29,"column":0},"end":{"line":29,"column":37}}},"fnMap":{"0":{"name":"(anonymous_0)","decl":{"start":{"line":4,"column":2},"end":{"line":4,"column":3}},"loc":{"start":{"line":4,"column":30},"end":{"line":6,"column":3}},"line":4},"1":{"name":"(anonymous_1)","decl":{"start":{"line":7,"column":2},"end":{"line":7,"column":3}},"loc":{"start":{"line":7,"column":18},"end":{"line":9,"column":3}},"line":7},"2":{"name":"(anonymous_2)","decl":{"start":{"line":10,"column":2},"end":{"line":10,"column":3}},"loc":{"start":{"line":10,"column":21},"end":{"line":12,"column":3}},"line":10},"3":{"name":"(anonymous_3)","decl":{"start":{"line":13,"column":2},"end":{"line":13,"column":3}},"loc":{"start":{"line":13,"column":21},"end":{"line":15,"column":3}},"line":13},"4":{"name":"(anonymous_4)","decl":{"start":{"line":16,"column":2},"end":{"line":16,"column":3}},"loc":{"start":{"line":16,"column":25},"end":{"line":20,"column":3}},"line":16},"5":{"name":"(anonymous_5)","decl":{"start":{"line":21,"column":2},"end":{"line":21,"column":3}},"loc":{"start":{"line":21,"column":19},"end":{"line":26,"column":3}},"line":21}},"branchMap":{"0":{"loc":{"start":{"line":18,"column":4},"end":{"line":18,"column":32}},"type":"if","locations":[{"start":{"line":18,"column":4},"end":{"line":18,"column":32}},{"start":{},"end":{}}],"line":18},"1":{"loc":{"start":{"line":23,"column":4},"end":{"line":23,"column":32}},"type":"if","locations":[{"start":{"line":23,"column":4},"end":{"line":23,"column":32}},{"start":{},"end":{}}],"line":23}},"s":{"0":3,"1":1,"2":1,"3":1,"4":0,"5":0,"6":0,"7":0,"8":0,"9":0,"10":0,"11":0,"12":0,"13":1},"f":{"0":3,"1":1,"2":1,"3":1,"4":0,"5":0},"b":{"0":[0,0],"1":[0,0]},"_coverageSchema":"1a1c01bbd47fc00a2c39e90264f33305004495a9","hash":"63ff34d4e082b26ed07431edda7e758ca56f9292"}
,"D:\\DOCUMENTOS\\CAMACHO\\10. Decimo Semestre\\Seminario de actulizacion\\COMO_LO_piden\\src\\repositories\\usuario.repository.js": {"path":"D:\\DOCUMENTOS\\CAMACHO\\10. Decimo Semestre\\Seminario de actulizacion\\COMO_LO_piden\\src\\repositories\\usuario.repository.js","statementMap":{"0":{"start":{"line":4,"column":4},"end":{"line":4,"column":32}},"1":{"start":{"line":8,"column":4},"end":{"line":8,"column":34}},"2":{"start":{"line":12,"column":4},"end":{"line":12,"column":37}},"3":{"start":{"line":16,"column":4},"end":{"line":16,"column":37}},"4":{"start":{"line":20,"column":20},"end":{"line":20,"column":51}},"5":{"start":{"line":21,"column":4},"end":{"line":21,"column":30}},"6":{"start":{"line":21,"column":18},"end":{"line":21,"column":30}},"7":{"start":{"line":22,"column":4},"end":{"line":22,"column":32}},"8":{"start":{"line":26,"column":20},"end":{"line":26,"column":51}},"9":{"start":{"line":27,"column":4},"end":{"line":27,"column":30}},"10":{"start":{"line":27,"column":18},"end":{"line":27,"column":30}},"11":{"start":{"line":28,"column":4},"end":{"line":28,"column":28}},"12":{"start":{"line":29,"column":4},"end":{"line":29,"column":19}},"13":{"start":{"line":33,"column":0},"end":{"line":33,"column":35}}},"fnMap":{"0":{"name":"(anonymous_0)","decl":{"start":{"line":3,"column":2},"end":{"line":3,"column":3}},"loc":{"start":{"line":3,"column":28},"end":{"line":5,"column":3}},"line":3},"1":{"name":"(anonymous_1)","decl":{"start":{"line":7,"column":2},"end":{"line":7,"column":3}},"loc":{"start":{"line":7,"column":18},"end":{"line":9,"column":3}},"line":7},"2":{"name":"(anonymous_2)","decl":{"start":{"line":11,"column":2},"end":{"line":11,"column":3}},"loc":{"start":{"line":11,"column":21},"end":{"line":13,"column":3}},"line":11},"3":{"name":"(anonymous_3)","decl":{"start":{"line":15,"column":2},"end":{"line":15,"column":3}},"loc":{"start":{"line":15,"column":21},"end":{"line":17,"column":3}},"line":15},"4":{"name":"(anonymous_4)","decl":{"start":{"line":19,"column":2},"end":{"line":19,"column":3}},"loc":{"start":{"line":19,"column":25},"end":{"line":23,"column":3}},"line":19},"5":{"name":"(anonymous_5)","decl":{"start":{"line":25,"column":2},"end":{"line":25,"column":3}},"loc":{"start":{"line":25,"column":19},"end":{"line":30,"column":3}},"line":25}},"branchMap":{"0":{"loc":{"start":{"line":21,"column":4},"end":{"line":21,"column":30}},"type":"if","locations":[{"start":{"line":21,"column":4},"end":{"line":21,"column":30}},{"start":{},"end":{}}],"line":21},"1":{"loc":{"start":{"line":27,"column":4},"end":{"line":27,"column":30}},"type":"if","locations":[{"start":{"line":27,"column":4},"end":{"line":27,"column":30}},{"start":{},"end":{}}],"line":27}},"s":{"0":3,"1":3,"2":0,"3":2,"4":0,"5":0,"6":0,"7":0,"8":2,"9":2,"10":0,"11":2,"12":2,"13":3},"f":{"0":3,"1":3,"2":0,"3":2,"4":0,"5":2},"b":{"0":[0,0],"1":[0,2]},"_coverageSchema":"1a1c01bbd47fc00a2c39e90264f33305004495a9","hash":"310dc9583aa2af971940e12a4ea4a7fa36626ef0"}
,"D:\\DOCUMENTOS\\CAMACHO\\10. Decimo Semestre\\Seminario de actulizacion\\COMO_LO_piden\\src\\services\\equipo.service.js": {"path":"D:\\DOCUMENTOS\\CAMACHO\\10. Decimo Semestre\\Seminario de actulizacion\\COMO_LO_piden\\src\\services\\equipo.service.js","statementMap":{"0":{"start":{"line":3,"column":4},"end":{"line":3,"column":45}},"1":{"start":{"line":6,"column":4},"end":{"line":6,"column":43}},"2":{"start":{"line":9,"column":4},"end":{"line":9,"column":46}},"3":{"start":{"line":12,"column":4},"end":{"line":12,"column":46}},"4":{"start":{"line":15,"column":4},"end":{"line":15,"column":50}},"5":{"start":{"line":18,"column":4},"end":{"line":18,"column":44}},"6":{"start":{"line":22,"column":0},"end":{"line":22,"column":31}}},"fnMap":{"0":{"name":"(anonymous_0)","decl":{"start":{"line":2,"column":2},"end":{"line":2,"column":3}},"loc":{"start":{"line":2,"column":32},"end":{"line":4,"column":3}},"line":2},"1":{"name":"(anonymous_1)","decl":{"start":{"line":5,"column":2},"end":{"line":5,"column":3}},"loc":{"start":{"line":5,"column":17},"end":{"line":7,"column":3}},"line":5},"2":{"name":"(anonymous_2)","decl":{"start":{"line":8,"column":2},"end":{"line":8,"column":3}},"loc":{"start":{"line":8,"column":20},"end":{"line":10,"column":3}},"line":8},"3":{"name":"(anonymous_3)","decl":{"start":{"line":11,"column":2},"end":{"line":11,"column":3}},"loc":{"start":{"line":11,"column":21},"end":{"line":13,"column":3}},"line":11},"4":{"name":"(anonymous_4)","decl":{"start":{"line":14,"column":2},"end":{"line":14,"column":3}},"loc":{"start":{"line":14,"column":25},"end":{"line":16,"column":3}},"line":14},"5":{"name":"(anonymous_5)","decl":{"start":{"line":17,"column":2},"end":{"line":17,"column":3}},"loc":{"start":{"line":17,"column":19},"end":{"line":19,"column":3}},"line":17}},"branchMap":{},"s":{"0":3,"1":1,"2":1,"3":1,"4":0,"5":0,"6":1},"f":{"0":3,"1":1,"2":1,"3":1,"4":0,"5":0},"b":{},"_coverageSchema":"1a1c01bbd47fc00a2c39e90264f33305004495a9","hash":"1c3bd2fc1adc76f75425cc0e9b28ae98bfebb843"}
,"D:\\DOCUMENTOS\\CAMACHO\\10. Decimo Semestre\\Seminario de actulizacion\\COMO_LO_piden\\src\\services\\jugador.service.js": {"path":"D:\\DOCUMENTOS\\CAMACHO\\10. Decimo Semestre\\Seminario de actulizacion\\COMO_LO_piden\\src\\services\\jugador.service.js","statementMap":{"0":{"start":{"line":3,"column":4},"end":{"line":3,"column":47}},"1":{"start":{"line":6,"column":4},"end":{"line":6,"column":44}},"2":{"start":{"line":9,"column":4},"end":{"line":9,"column":47}},"3":{"start":{"line":12,"column":4},"end":{"line":12,"column":47}},"4":{"start":{"line":15,"column":4},"end":{"line":15,"column":51}},"5":{"start":{"line":18,"column":4},"end":{"line":18,"column":45}},"6":{"start":{"line":22,"column":0},"end":{"line":22,"column":32}}},"fnMap":{"0":{"name":"(anonymous_0)","decl":{"start":{"line":2,"column":2},"end":{"line":2,"column":3}},"loc":{"start":{"line":2,"column":33},"end":{"line":4,"column":3}},"line":2},"1":{"name":"(anonymous_1)","decl":{"start":{"line":5,"column":2},"end":{"line":5,"column":3}},"loc":{"start":{"line":5,"column":17},"end":{"line":7,"column":3}},"line":5},"2":{"name":"(anonymous_2)","decl":{"start":{"line":8,"column":2},"end":{"line":8,"column":3}},"loc":{"start":{"line":8,"column":20},"end":{"line":10,"column":3}},"line":8},"3":{"name":"(anonymous_3)","decl":{"start":{"line":11,"column":2},"end":{"line":11,"column":3}},"loc":{"start":{"line":11,"column":21},"end":{"line":13,"column":3}},"line":11},"4":{"name":"(anonymous_4)","decl":{"start":{"line":14,"column":2},"end":{"line":14,"column":3}},"loc":{"start":{"line":14,"column":25},"end":{"line":16,"column":3}},"line":14},"5":{"name":"(anonymous_5)","decl":{"start":{"line":17,"column":2},"end":{"line":17,"column":3}},"loc":{"start":{"line":17,"column":19},"end":{"line":19,"column":3}},"line":17}},"branchMap":{},"s":{"0":3,"1":1,"2":1,"3":1,"4":0,"5":0,"6":1},"f":{"0":3,"1":1,"2":1,"3":1,"4":0,"5":0},"b":{},"_coverageSchema":"1a1c01bbd47fc00a2c39e90264f33305004495a9","hash":"28229fae80a64282dc44e27f4cd435e4dc2f08f8"}
,"D:\\DOCUMENTOS\\CAMACHO\\10. Decimo Semestre\\Seminario de actulizacion\\COMO_LO_piden\\src\\services\\liga.service.js": {"path":"D:\\DOCUMENTOS\\CAMACHO\\10. Decimo Semestre\\Seminario de actulizacion\\COMO_LO_piden\\src\\services\\liga.service.js","statementMap":{"0":{"start":{"line":3,"column":4},"end":{"line":3,"column":41}},"1":{"start":{"line":6,"column":4},"end":{"line":6,"column":41}},"2":{"start":{"line":9,"column":4},"end":{"line":9,"column":44}},"3":{"start":{"line":12,"column":4},"end":{"line":12,"column":44}},"4":{"start":{"line":15,"column":4},"end":{"line":15,"column":48}},"5":{"start":{"line":18,"column":4},"end":{"line":18,"column":42}},"6":{"start":{"line":22,"column":0},"end":{"line":22,"column":29}}},"fnMap":{"0":{"name":"(anonymous_0)","decl":{"start":{"line":2,"column":2},"end":{"line":2,"column":3}},"loc":{"start":{"line":2,"column":30},"end":{"line":4,"column":3}},"line":2},"1":{"name":"(anonymous_1)","decl":{"start":{"line":5,"column":2},"end":{"line":5,"column":3}},"loc":{"start":{"line":5,"column":17},"end":{"line":7,"column":3}},"line":5},"2":{"name":"(anonymous_2)","decl":{"start":{"line":8,"column":2},"end":{"line":8,"column":3}},"loc":{"start":{"line":8,"column":20},"end":{"line":10,"column":3}},"line":8},"3":{"name":"(anonymous_3)","decl":{"start":{"line":11,"column":2},"end":{"line":11,"column":3}},"loc":{"start":{"line":11,"column":21},"end":{"line":13,"column":3}},"line":11},"4":{"name":"(anonymous_4)","decl":{"start":{"line":14,"column":2},"end":{"line":14,"column":3}},"loc":{"start":{"line":14,"column":25},"end":{"line":16,"column":3}},"line":14},"5":{"name":"(anonymous_5)","decl":{"start":{"line":17,"column":2},"end":{"line":17,"column":3}},"loc":{"start":{"line":17,"column":19},"end":{"line":19,"column":3}},"line":17}},"branchMap":{},"s":{"0":3,"1":1,"2":1,"3":1,"4":0,"5":0,"6":1},"f":{"0":3,"1":1,"2":1,"3":1,"4":0,"5":0},"b":{},"_coverageSchema":"1a1c01bbd47fc00a2c39e90264f33305004495a9","hash":"6df9cd23ddb12a2db0e83f0dce91e0c69fe1a047"}
,"D:\\DOCUMENTOS\\CAMACHO\\10. Decimo Semestre\\Seminario de actulizacion\\COMO_LO_piden\\src\\services\\partido.service.js": {"path":"D:\\DOCUMENTOS\\CAMACHO\\10. Decimo Semestre\\Seminario de actulizacion\\COMO_LO_piden\\src\\services\\partido.service.js","statementMap":{"0":{"start":{"line":3,"column":4},"end":{"line":3,"column":47}},"1":{"start":{"line":6,"column":4},"end":{"line":6,"column":44}},"2":{"start":{"line":9,"column":4},"end":{"line":9,"column":47}},"3":{"start":{"line":12,"column":4},"end":{"line":12,"column":47}},"4":{"start":{"line":15,"column":4},"end":{"line":15,"column":51}},"5":{"start":{"line":18,"column":4},"end":{"line":18,"column":45}},"6":{"start":{"line":22,"column":0},"end":{"line":22,"column":32}}},"fnMap":{"0":{"name":"(anonymous_0)","decl":{"start":{"line":2,"column":2},"end":{"line":2,"column":3}},"loc":{"start":{"line":2,"column":33},"end":{"line":4,"column":3}},"line":2},"1":{"name":"(anonymous_1)","decl":{"start":{"line":5,"column":2},"end":{"line":5,"column":3}},"loc":{"start":{"line":5,"column":17},"end":{"line":7,"column":3}},"line":5},"2":{"name":"(anonymous_2)","decl":{"start":{"line":8,"column":2},"end":{"line":8,"column":3}},"loc":{"start":{"line":8,"column":20},"end":{"line":10,"column":3}},"line":8},"3":{"name":"(anonymous_3)","decl":{"start":{"line":11,"column":2},"end":{"line":11,"column":3}},"loc":{"start":{"line":11,"column":21},"end":{"line":13,"column":3}},"line":11},"4":{"name":"(anonymous_4)","decl":{"start":{"line":14,"column":2},"end":{"line":14,"column":3}},"loc":{"start":{"line":14,"column":25},"end":{"line":16,"column":3}},"line":14},"5":{"name":"(anonymous_5)","decl":{"start":{"line":17,"column":2},"end":{"line":17,"column":3}},"loc":{"start":{"line":17,"column":19},"end":{"line":19,"column":3}},"line":17}},"branchMap":{},"s":{"0":3,"1":1,"2":1,"3":1,"4":0,"5":0,"6":1},"f":{"0":3,"1":1,"2":1,"3":1,"4":0,"5":0},"b":{},"_coverageSchema":"1a1c01bbd47fc00a2c39e90264f33305004495a9","hash":"9fc8580d261e1b730e2179c4f0e193d4b8a09770"}
,"D:\\DOCUMENTOS\\CAMACHO\\10. Decimo Semestre\\Seminario de actulizacion\\COMO_LO_piden\\src\\services\\resultado.service.js": {"path":"D:\\DOCUMENTOS\\CAMACHO\\10. Decimo Semestre\\Seminario de actulizacion\\COMO_LO_piden\\src\\services\\resultado.service.js","statementMap":{"0":{"start":{"line":4,"column":4},"end":{"line":4,"column":51}},"1":{"start":{"line":8,"column":4},"end":{"line":8,"column":49}},"2":{"start":{"line":12,"column":4},"end":{"line":12,"column":46}},"3":{"start":{"line":15,"column":4},"end":{"line":15,"column":46}},"4":{"start":{"line":19,"column":4},"end":{"line":19,"column":48}},"5":{"start":{"line":23,"column":4},"end":{"line":23,"column":53}},"6":{"start":{"line":27,"column":4},"end":{"line":27,"column":47}},"7":{"start":{"line":31,"column":0},"end":{"line":31,"column":34}}},"fnMap":{"0":{"name":"(anonymous_0)","decl":{"start":{"line":3,"column":2},"end":{"line":3,"column":3}},"loc":{"start":{"line":3,"column":35},"end":{"line":5,"column":3}},"line":3},"1":{"name":"(anonymous_1)","decl":{"start":{"line":7,"column":2},"end":{"line":7,"column":3}},"loc":{"start":{"line":7,"column":30},"end":{"line":9,"column":3}},"line":7},"2":{"name":"(anonymous_2)","decl":{"start":{"line":11,"column":2},"end":{"line":11,"column":3}},"loc":{"start":{"line":11,"column":27},"end":{"line":13,"column":3}},"line":11},"3":{"name":"(anonymous_3)","decl":{"start":{"line":14,"column":2},"end":{"line":14,"column":3}},"loc":{"start":{"line":14,"column":18},"end":{"line":16,"column":3}},"line":14},"4":{"name":"(anonymous_4)","decl":{"start":{"line":18,"column":2},"end":{"line":18,"column":3}},"loc":{"start":{"line":18,"column":29},"end":{"line":20,"column":3}},"line":18},"5":{"name":"(anonymous_5)","decl":{"start":{"line":22,"column":2},"end":{"line":22,"column":3}},"loc":{"start":{"line":22,"column":34},"end":{"line":24,"column":3}},"line":22},"6":{"name":"(anonymous_6)","decl":{"start":{"line":26,"column":2},"end":{"line":26,"column":3}},"loc":{"start":{"line":26,"column":28},"end":{"line":28,"column":3}},"line":26}},"branchMap":{},"s":{"0":3,"1":1,"2":2,"3":0,"4":0,"5":0,"6":0,"7":2},"f":{"0":3,"1":1,"2":2,"3":0,"4":0,"5":0,"6":0},"b":{},"_coverageSchema":"1a1c01bbd47fc00a2c39e90264f33305004495a9","hash":"013ae7fba31d825ae158c09f64094302738a6514"}
,"D:\\DOCUMENTOS\\CAMACHO\\10. Decimo Semestre\\Seminario de actulizacion\\COMO_LO_piden\\src\\services\\tablaposicione.service.js": {"path":"D:\\DOCUMENTOS\\CAMACHO\\10. Decimo Semestre\\Seminario de actulizacion\\COMO_LO_piden\\src\\services\\tablaposicione.service.js","statementMap":{"0":{"start":{"line":4,"column":4},"end":{"line":4,"column":61}},"1":{"start":{"line":8,"column":4},"end":{"line":8,"column":54}},"2":{"start":{"line":12,"column":4},"end":{"line":12,"column":51}},"3":{"start":{"line":15,"column":4},"end":{"line":15,"column":51}},"4":{"start":{"line":19,"column":4},"end":{"line":19,"column":53}},"5":{"start":{"line":23,"column":4},"end":{"line":23,"column":58}},"6":{"start":{"line":27,"column":4},"end":{"line":27,"column":52}},"7":{"start":{"line":31,"column":0},"end":{"line":31,"column":39}}},"fnMap":{"0":{"name":"(anonymous_0)","decl":{"start":{"line":3,"column":2},"end":{"line":3,"column":3}},"loc":{"start":{"line":3,"column":40},"end":{"line":5,"column":3}},"line":3},"1":{"name":"(anonymous_1)","decl":{"start":{"line":7,"column":2},"end":{"line":7,"column":3}},"loc":{"start":{"line":7,"column":35},"end":{"line":9,"column":3}},"line":7},"2":{"name":"(anonymous_2)","decl":{"start":{"line":11,"column":2},"end":{"line":11,"column":3}},"loc":{"start":{"line":11,"column":32},"end":{"line":13,"column":3}},"line":11},"3":{"name":"(anonymous_3)","decl":{"start":{"line":14,"column":2},"end":{"line":14,"column":3}},"loc":{"start":{"line":14,"column":18},"end":{"line":16,"column":3}},"line":14},"4":{"name":"(anonymous_4)","decl":{"start":{"line":18,"column":2},"end":{"line":18,"column":3}},"loc":{"start":{"line":18,"column":34},"end":{"line":20,"column":3}},"line":18},"5":{"name":"(anonymous_5)","decl":{"start":{"line":22,"column":2},"end":{"line":22,"column":3}},"loc":{"start":{"line":22,"column":39},"end":{"line":24,"column":3}},"line":22},"6":{"name":"(anonymous_6)","decl":{"start":{"line":26,"column":2},"end":{"line":26,"column":3}},"loc":{"start":{"line":26,"column":33},"end":{"line":28,"column":3}},"line":26}},"branchMap":{},"s":{"0":3,"1":1,"2":2,"3":0,"4":0,"5":0,"6":0,"7":2},"f":{"0":3,"1":1,"2":2,"3":0,"4":0,"5":0,"6":0},"b":{},"_coverageSchema":"1a1c01bbd47fc00a2c39e90264f33305004495a9","hash":"c3497e37941dd2f6e9c27261dcb206948aa04a2f"}
,"D:\\DOCUMENTOS\\CAMACHO\\10. Decimo Semestre\\Seminario de actulizacion\\COMO_LO_piden\\src\\services\\temporada.service.js": {"path":"D:\\DOCUMENTOS\\CAMACHO\\10. Decimo Semestre\\Seminario de actulizacion\\COMO_LO_piden\\src\\services\\temporada.service.js","statementMap":{"0":{"start":{"line":3,"column":4},"end":{"line":3,"column":51}},"1":{"start":{"line":6,"column":4},"end":{"line":6,"column":46}},"2":{"start":{"line":9,"column":4},"end":{"line":9,"column":49}},"3":{"start":{"line":12,"column":4},"end":{"line":12,"column":49}},"4":{"start":{"line":15,"column":4},"end":{"line":15,"column":53}},"5":{"start":{"line":18,"column":4},"end":{"line":18,"column":47}},"6":{"start":{"line":22,"column":0},"end":{"line":22,"column":34}}},"fnMap":{"0":{"name":"(anonymous_0)","decl":{"start":{"line":2,"column":2},"end":{"line":2,"column":3}},"loc":{"start":{"line":2,"column":35},"end":{"line":4,"column":3}},"line":2},"1":{"name":"(anonymous_1)","decl":{"start":{"line":5,"column":2},"end":{"line":5,"column":3}},"loc":{"start":{"line":5,"column":17},"end":{"line":7,"column":3}},"line":5},"2":{"name":"(anonymous_2)","decl":{"start":{"line":8,"column":2},"end":{"line":8,"column":3}},"loc":{"start":{"line":8,"column":20},"end":{"line":10,"column":3}},"line":8},"3":{"name":"(anonymous_3)","decl":{"start":{"line":11,"column":2},"end":{"line":11,"column":3}},"loc":{"start":{"line":11,"column":21},"end":{"line":13,"column":3}},"line":11},"4":{"name":"(anonymous_4)","decl":{"start":{"line":14,"column":2},"end":{"line":14,"column":3}},"loc":{"start":{"line":14,"column":25},"end":{"line":16,"column":3}},"line":14},"5":{"name":"(anonymous_5)","decl":{"start":{"line":17,"column":2},"end":{"line":17,"column":3}},"loc":{"start":{"line":17,"column":19},"end":{"line":19,"column":3}},"line":17}},"branchMap":{},"s":{"0":3,"1":1,"2":1,"3":1,"4":0,"5":0,"6":1},"f":{"0":3,"1":1,"2":1,"3":1,"4":0,"5":0},"b":{},"_coverageSchema":"1a1c01bbd47fc00a2c39e90264f33305004495a9","hash":"d027fece05a9fcc9aaa4970c9abb228d12bd1355"}
,"D:\\DOCUMENTOS\\CAMACHO\\10. Decimo Semestre\\Seminario de actulizacion\\COMO_LO_piden\\src\\services\\usuario.service.js": {"path":"D:\\DOCUMENTOS\\CAMACHO\\10. Decimo Semestre\\Seminario de actulizacion\\COMO_LO_piden\\src\\services\\usuario.service.js","statementMap":{"0":{"start":{"line":3,"column":4},"end":{"line":3,"column":47}},"1":{"start":{"line":7,"column":4},"end":{"line":7,"column":44}},"2":{"start":{"line":11,"column":4},"end":{"line":11,"column":47}},"3":{"start":{"line":15,"column":4},"end":{"line":15,"column":47}},"4":{"start":{"line":19,"column":4},"end":{"line":19,"column":51}},"5":{"start":{"line":23,"column":4},"end":{"line":23,"column":45}},"6":{"start":{"line":27,"column":0},"end":{"line":27,"column":32}}},"fnMap":{"0":{"name":"(anonymous_0)","decl":{"start":{"line":2,"column":2},"end":{"line":2,"column":3}},"loc":{"start":{"line":2,"column":33},"end":{"line":4,"column":3}},"line":2},"1":{"name":"(anonymous_1)","decl":{"start":{"line":6,"column":2},"end":{"line":6,"column":3}},"loc":{"start":{"line":6,"column":25},"end":{"line":8,"column":3}},"line":6},"2":{"name":"(anonymous_2)","decl":{"start":{"line":10,"column":2},"end":{"line":10,"column":3}},"loc":{"start":{"line":10,"column":27},"end":{"line":12,"column":3}},"line":10},"3":{"name":"(anonymous_3)","decl":{"start":{"line":14,"column":2},"end":{"line":14,"column":3}},"loc":{"start":{"line":14,"column":28},"end":{"line":16,"column":3}},"line":14},"4":{"name":"(anonymous_4)","decl":{"start":{"line":18,"column":2},"end":{"line":18,"column":3}},"loc":{"start":{"line":18,"column":32},"end":{"line":20,"column":3}},"line":18},"5":{"name":"(anonymous_5)","decl":{"start":{"line":22,"column":2},"end":{"line":22,"column":3}},"loc":{"start":{"line":22,"column":26},"end":{"line":24,"column":3}},"line":22}},"branchMap":{},"s":{"0":2,"1":2,"2":0,"3":1,"4":0,"5":1,"6":2},"f":{"0":2,"1":2,"2":0,"3":1,"4":0,"5":1},"b":{},"_coverageSchema":"1a1c01bbd47fc00a2c39e90264f33305004495a9","hash":"777f2e774b1ee192c8af5f9b872acfd9696b859e"}
}
